2025-06-15 00:20:37 [main] ERROR o.s.o.j.LocalContainerEntityManagerFactoryBean - Failed to initialize JPA EntityManagerFactory: [PersistenceUnit: default] Unable to build Hibernate SessionFactory; nested exception is org.hibernate.service.spi.ServiceException: Unable to create requested service [org.hibernate.cache.spi.CacheImplementor] due to: Cache provider not started
2025-06-15 00:20:37 [main] ERROR o.s.b.d.LoggingFailureAnalysisReporter - 

***************************
APPLICATION FAILED TO START
***************************

Description:

A component required a bean named 'goyaCacheManager' that could not be found.


Action:

Consider defining a bean named 'goyaCacheManager' in your configuration.

2025-06-15 00:28:44 [main] ERROR o.s.o.j.LocalContainerEntityManagerFactoryBean - Failed to initialize JPA EntityManagerFactory: [PersistenceUnit: default] Unable to build Hibernate SessionFactory; nested exception is org.hibernate.service.spi.ServiceException: Unable to create requested service [org.hibernate.cache.spi.CacheImplementor] due to: Cache provider not started
2025-06-15 00:28:44 [main] ERROR o.s.b.d.LoggingFailureAnalysisReporter - 

***************************
APPLICATION FAILED TO START
***************************

Description:

A component required a bean named 'goyaCacheManager' that could not be found.


Action:

Consider defining a bean named 'goyaCacheManager' in your configuration.

2025-06-15 00:30:54 [main] ERROR o.s.o.j.LocalContainerEntityManagerFactoryBean - Failed to initialize JPA EntityManagerFactory: [PersistenceUnit: default] Unable to build Hibernate SessionFactory; nested exception is org.hibernate.service.spi.ServiceException: Unable to create requested service [org.hibernate.cache.spi.CacheImplementor] due to: Cache provider not started
2025-06-15 00:30:54 [main] ERROR o.s.b.d.LoggingFailureAnalysisReporter - 

***************************
APPLICATION FAILED TO START
***************************

Description:

A component required a bean named 'goyaCacheManager' that could not be found.


Action:

Consider defining a bean named 'goyaCacheManager' in your configuration.

2025-06-15 00:32:17 [main] ERROR o.s.o.j.LocalContainerEntityManagerFactoryBean - Failed to initialize JPA EntityManagerFactory: [PersistenceUnit: default] Unable to build Hibernate SessionFactory; nested exception is org.hibernate.service.spi.ServiceException: Unable to create requested service [org.hibernate.cache.spi.CacheImplementor] due to: Cache provider not started
2025-06-15 00:32:17 [main] ERROR o.s.b.d.LoggingFailureAnalysisReporter - 

***************************
APPLICATION FAILED TO START
***************************

Description:

A component required a bean named 'goyaCacheManager' that could not be found.


Action:

Consider defining a bean named 'goyaCacheManager' in your configuration.

2025-06-15 00:33:06 [main] ERROR o.s.o.j.LocalContainerEntityManagerFactoryBean - Failed to initialize JPA EntityManagerFactory: [PersistenceUnit: default] Unable to build Hibernate SessionFactory; nested exception is org.hibernate.service.spi.ServiceException: Unable to create requested service [org.hibernate.cache.spi.CacheImplementor] due to: Cache provider not started
2025-06-15 00:33:06 [main] ERROR o.s.b.d.LoggingFailureAnalysisReporter - 

***************************
APPLICATION FAILED TO START
***************************

Description:

A component required a bean named 'goyaCacheManager' that could not be found.


Action:

Consider defining a bean named 'goyaCacheManager' in your configuration.

2025-06-15 00:33:13 [main] ERROR o.s.o.j.LocalContainerEntityManagerFactoryBean - Failed to initialize JPA EntityManagerFactory: [PersistenceUnit: default] Unable to build Hibernate SessionFactory; nested exception is org.hibernate.service.spi.ServiceException: Unable to create requested service [org.hibernate.cache.spi.CacheImplementor] due to: Cache provider not started
2025-06-15 00:33:13 [main] ERROR o.s.b.d.LoggingFailureAnalysisReporter - 

***************************
APPLICATION FAILED TO START
***************************

Description:

A component required a bean named 'goyaCacheManager' that could not be found.


Action:

Consider defining a bean named 'goyaCacheManager' in your configuration.

2025-06-15 00:34:52 [main] ERROR o.s.o.j.LocalContainerEntityManagerFactoryBean - Failed to initialize JPA EntityManagerFactory: [PersistenceUnit: default] Unable to build Hibernate SessionFactory; nested exception is org.hibernate.service.spi.ServiceException: Unable to create requested service [org.hibernate.cache.spi.CacheImplementor] due to: Cache provider not started
2025-06-15 00:34:52 [main] ERROR o.s.b.d.LoggingFailureAnalysisReporter - 

***************************
APPLICATION FAILED TO START
***************************

Description:

A component required a bean named 'goyaCacheManager' that could not be found.


Action:

Consider defining a bean named 'goyaCacheManager' in your configuration.

