2025-06-18 11:03:49 [background-preinit] INFO  o.h.validator.internal.util.Version - HV000001: Hibernate Validator 8.0.2.Final
2025-06-18 11:03:49 [main] INFO  o.s.d.r.c.RepositoryConfigurationDelegate - Multiple Spring Data modules found, entering strict repository configuration mode
2025-06-18 11:03:49 [main] INFO  o.s.d.r.c.RepositoryConfigurationDelegate - Bootstrapping Spring Data JPA repositories in DEFAULT mode.
2025-06-18 11:03:49 [main] INFO  o.s.d.r.c.RepositoryConfigurationDelegate - Finished Spring Data repository scanning in 110 ms. Found 1 JPA repository interface.
2025-06-18 11:03:50 [main] INFO  io.undertow.servlet - Initializing Spring embedded WebApplicationContext
2025-06-18 11:03:50 [main] INFO  o.s.b.w.s.c.ServletWebServerApplicationContext - Root WebApplicationContext: initialization completed in 1018 ms
2025-06-18 11:03:50 [main] INFO  o.h.jpa.internal.util.LogHelper - HHH000204: Processing PersistenceUnitInfo [name: default]
2025-06-18 11:03:50 [main] INFO  org.hibernate.Version - HHH000412: Hibernate ORM core version 6.6.15.Final
2025-06-18 11:03:50 [main] INFO  o.h.c.i.RegionFactoryInitiator - HHH000025: Second-level cache region factory [com.ysmjjsy.goya.component.db.cache.GoyaRegionFactory]
2025-06-18 11:03:50 [main] INFO  o.h.e.b.internal.EnversServiceImpl - Envers integration enabled? : true
2025-06-18 11:03:50 [main] INFO  o.s.o.j.p.SpringPersistenceUnitInfo - No LoadTimeWeaver setup: ignoring JPA class transformer
2025-06-18 11:03:50 [main] INFO  com.zaxxer.hikari.HikariDataSource - Hikari - Starting...
2025-06-18 11:03:51 [main] INFO  com.zaxxer.hikari.pool.HikariPool - Hikari - Added connection com.p6spy.engine.wrapper.ConnectionWrapper@4a937d43
2025-06-18 11:03:51 [main] INFO  com.zaxxer.hikari.HikariDataSource - Hikari - Start completed.
2025-06-18 11:03:51 [main] INFO  o.hibernate.orm.connections.pooling - HHH10001005: Database info:
	Database JDBC URL [Connecting through datasource 'HikariDataSource (Hikari)']
	Database driver: undefined/unknown
	Database version: 9.2
	Autocommit mode: undefined/unknown
	Isolation level: undefined/unknown
	Minimum pool size: undefined/unknown
	Maximum pool size: undefined/unknown
2025-06-18 11:03:51 [main] INFO  c.a.j.a.AbstractCacheAutoInit - init cache area default , type= caffeine
2025-06-18 11:03:51 [main] INFO  c.a.j.a.AbstractCacheAutoInit - init cache area default , type= redis.lettuce
2025-06-18 11:03:52 [main] INFO  c.a.j.support.DefaultMetricsManager - cache stat period at 15 MINUTES
2025-06-18 11:03:52 [main] INFO  o.h.e.t.j.p.i.JtaPlatformInitiator - HHH000489: No JTA platform available (set 'hibernate.transaction.jta.platform' to enable JTA platform integration)
2025-06-18 11:03:52 [main] INFO  o.s.o.j.LocalContainerEntityManagerFactoryBean - Initialized JPA EntityManagerFactory for persistence unit 'default'
2025-06-18 11:03:52 [main] INFO  io.undertow - starting server: Undertow - 2.3.18.Final
2025-06-18 11:03:52 [main] INFO  org.xnio - XNIO version 3.8.16.Final
2025-06-18 11:03:53 [main] INFO  org.xnio.nio - XNIO NIO Implementation Version 3.8.16.Final
2025-06-18 11:03:53 [main] INFO  org.jboss.threads - JBoss Threads version 3.5.0.Final
2025-06-18 11:03:53 [main] INFO  o.s.b.w.e.undertow.UndertowWebServer - Undertow started on port 8082 (http) with context path '/'
2025-06-18 11:03:53 [main] INFO  o.s.o.j.LocalContainerEntityManagerFactoryBean - Closing JPA EntityManagerFactory for persistence unit 'default'
2025-06-18 11:03:53 [main] INFO  c.a.j.support.DefaultMetricsManager - cache stat canceled
2025-06-18 11:03:53 [main] INFO  com.zaxxer.hikari.HikariDataSource - Hikari - Shutdown initiated...
2025-06-18 11:03:53 [main] INFO  com.zaxxer.hikari.HikariDataSource - Hikari - Shutdown completed.
2025-06-18 11:03:53 [main] INFO  io.undertow - stopping server: Undertow - 2.3.18.Final
2025-06-18 11:03:53 [main] INFO  o.s.b.a.l.ConditionEvaluationReportLogger - 

Error starting ApplicationContext. To display the condition evaluation report re-run your application with 'debug' enabled.
2025-06-18 11:05:45 [background-preinit] INFO  o.h.validator.internal.util.Version - HV000001: Hibernate Validator 8.0.2.Final
2025-06-18 11:05:45 [main] INFO  o.s.d.r.c.RepositoryConfigurationDelegate - Multiple Spring Data modules found, entering strict repository configuration mode
2025-06-18 11:05:45 [main] INFO  o.s.d.r.c.RepositoryConfigurationDelegate - Bootstrapping Spring Data JPA repositories in DEFAULT mode.
2025-06-18 11:05:46 [main] INFO  o.s.d.r.c.RepositoryConfigurationDelegate - Finished Spring Data repository scanning in 95 ms. Found 1 JPA repository interface.
2025-06-18 11:05:46 [main] INFO  io.undertow.servlet - Initializing Spring embedded WebApplicationContext
2025-06-18 11:05:46 [main] INFO  o.s.b.w.s.c.ServletWebServerApplicationContext - Root WebApplicationContext: initialization completed in 968 ms
2025-06-18 11:05:46 [main] INFO  o.h.jpa.internal.util.LogHelper - HHH000204: Processing PersistenceUnitInfo [name: default]
2025-06-18 11:05:46 [main] INFO  org.hibernate.Version - HHH000412: Hibernate ORM core version 6.6.15.Final
2025-06-18 11:05:46 [main] INFO  o.h.c.i.RegionFactoryInitiator - HHH000025: Second-level cache region factory [com.ysmjjsy.goya.component.db.cache.GoyaRegionFactory]
2025-06-18 11:05:46 [main] INFO  o.h.e.b.internal.EnversServiceImpl - Envers integration enabled? : true
2025-06-18 11:05:46 [main] INFO  o.s.o.j.p.SpringPersistenceUnitInfo - No LoadTimeWeaver setup: ignoring JPA class transformer
2025-06-18 11:05:46 [main] INFO  com.zaxxer.hikari.HikariDataSource - Hikari - Starting...
2025-06-18 11:05:47 [main] INFO  com.zaxxer.hikari.pool.HikariPool - Hikari - Added connection com.p6spy.engine.wrapper.ConnectionWrapper@50b78155
2025-06-18 11:05:47 [main] INFO  com.zaxxer.hikari.HikariDataSource - Hikari - Start completed.
2025-06-18 11:05:47 [main] INFO  o.hibernate.orm.connections.pooling - HHH10001005: Database info:
	Database JDBC URL [Connecting through datasource 'HikariDataSource (Hikari)']
	Database driver: undefined/unknown
	Database version: 9.2
	Autocommit mode: undefined/unknown
	Isolation level: undefined/unknown
	Minimum pool size: undefined/unknown
	Maximum pool size: undefined/unknown
2025-06-18 11:05:47 [main] INFO  c.a.j.a.AbstractCacheAutoInit - init cache area default , type= caffeine
2025-06-18 11:05:47 [main] INFO  c.a.j.a.AbstractCacheAutoInit - init cache area default , type= redis.lettuce
2025-06-18 11:05:48 [main] INFO  c.a.j.support.DefaultMetricsManager - cache stat period at 15 MINUTES
2025-06-18 11:05:48 [main] INFO  o.h.e.t.j.p.i.JtaPlatformInitiator - HHH000489: No JTA platform available (set 'hibernate.transaction.jta.platform' to enable JTA platform integration)
2025-06-18 11:05:48 [main] INFO  o.s.o.j.LocalContainerEntityManagerFactoryBean - Initialized JPA EntityManagerFactory for persistence unit 'default'
2025-06-18 11:05:49 [main] INFO  io.undertow - starting server: Undertow - 2.3.18.Final
2025-06-18 11:05:49 [main] INFO  org.xnio - XNIO version 3.8.16.Final
2025-06-18 11:05:49 [main] INFO  org.xnio.nio - XNIO NIO Implementation Version 3.8.16.Final
2025-06-18 11:05:49 [main] INFO  org.jboss.threads - JBoss Threads version 3.5.0.Final
2025-06-18 11:05:49 [main] INFO  o.s.b.w.e.undertow.UndertowWebServer - Undertow started on port 8082 (http) with context path '/'
2025-06-18 11:05:49 [main] INFO  o.s.b.w.e.undertow.UndertowWebServer - Commencing graceful shutdown. Waiting for active requests to complete
2025-06-18 11:05:49 [main] INFO  o.s.b.w.e.undertow.UndertowWebServer - Graceful shutdown complete
2025-06-18 11:05:49 [main] INFO  io.undertow - stopping server: Undertow - 2.3.18.Final
2025-06-18 11:05:49 [main] INFO  o.s.o.j.LocalContainerEntityManagerFactoryBean - Closing JPA EntityManagerFactory for persistence unit 'default'
2025-06-18 11:05:49 [main] INFO  c.a.j.support.DefaultMetricsManager - cache stat canceled
2025-06-18 11:05:49 [main] INFO  com.zaxxer.hikari.HikariDataSource - Hikari - Shutdown initiated...
2025-06-18 11:05:49 [main] INFO  com.zaxxer.hikari.HikariDataSource - Hikari - Shutdown completed.
2025-06-18 11:06:15 [background-preinit] INFO  o.h.validator.internal.util.Version - HV000001: Hibernate Validator 8.0.2.Final
2025-06-18 11:06:16 [main] INFO  o.s.d.r.c.RepositoryConfigurationDelegate - Multiple Spring Data modules found, entering strict repository configuration mode
2025-06-18 11:06:16 [main] INFO  o.s.d.r.c.RepositoryConfigurationDelegate - Bootstrapping Spring Data JPA repositories in DEFAULT mode.
2025-06-18 11:06:16 [main] INFO  o.s.d.r.c.RepositoryConfigurationDelegate - Finished Spring Data repository scanning in 95 ms. Found 1 JPA repository interface.
2025-06-18 11:06:16 [main] INFO  io.undertow.servlet - Initializing Spring embedded WebApplicationContext
2025-06-18 11:06:16 [main] INFO  o.s.b.w.s.c.ServletWebServerApplicationContext - Root WebApplicationContext: initialization completed in 935 ms
2025-06-18 11:06:16 [main] INFO  o.h.jpa.internal.util.LogHelper - HHH000204: Processing PersistenceUnitInfo [name: default]
2025-06-18 11:06:16 [main] INFO  org.hibernate.Version - HHH000412: Hibernate ORM core version 6.6.15.Final
2025-06-18 11:06:16 [main] INFO  o.h.c.i.RegionFactoryInitiator - HHH000025: Second-level cache region factory [com.ysmjjsy.goya.component.db.cache.GoyaRegionFactory]
2025-06-18 11:06:16 [main] INFO  o.h.e.b.internal.EnversServiceImpl - Envers integration enabled? : true
2025-06-18 11:06:17 [main] INFO  o.s.o.j.p.SpringPersistenceUnitInfo - No LoadTimeWeaver setup: ignoring JPA class transformer
2025-06-18 11:06:17 [main] INFO  com.zaxxer.hikari.HikariDataSource - Hikari - Starting...
2025-06-18 11:06:17 [main] INFO  com.zaxxer.hikari.pool.HikariPool - Hikari - Added connection com.p6spy.engine.wrapper.ConnectionWrapper@1e284d90
2025-06-18 11:06:17 [main] INFO  com.zaxxer.hikari.HikariDataSource - Hikari - Start completed.
2025-06-18 11:06:17 [main] INFO  o.hibernate.orm.connections.pooling - HHH10001005: Database info:
	Database JDBC URL [Connecting through datasource 'HikariDataSource (Hikari)']
	Database driver: undefined/unknown
	Database version: 9.2
	Autocommit mode: undefined/unknown
	Isolation level: undefined/unknown
	Minimum pool size: undefined/unknown
	Maximum pool size: undefined/unknown
2025-06-18 11:06:17 [main] INFO  c.a.j.a.AbstractCacheAutoInit - init cache area default , type= caffeine
2025-06-18 11:06:17 [main] INFO  c.a.j.a.AbstractCacheAutoInit - init cache area default , type= redis.lettuce
2025-06-18 11:06:18 [main] INFO  c.a.j.support.DefaultMetricsManager - cache stat period at 15 MINUTES
2025-06-18 11:06:19 [main] INFO  o.h.e.t.j.p.i.JtaPlatformInitiator - HHH000489: No JTA platform available (set 'hibernate.transaction.jta.platform' to enable JTA platform integration)
2025-06-18 11:06:19 [main] INFO  o.s.o.j.LocalContainerEntityManagerFactoryBean - Initialized JPA EntityManagerFactory for persistence unit 'default'
2025-06-18 11:06:19 [main] INFO  io.undertow - starting server: Undertow - 2.3.18.Final
2025-06-18 11:06:19 [main] INFO  org.xnio - XNIO version 3.8.16.Final
2025-06-18 11:06:19 [main] INFO  org.xnio.nio - XNIO NIO Implementation Version 3.8.16.Final
2025-06-18 11:06:19 [main] INFO  org.jboss.threads - JBoss Threads version 3.5.0.Final
2025-06-18 11:06:19 [main] INFO  o.s.b.w.e.undertow.UndertowWebServer - Undertow started on port 8082 (http) with context path '/'
2025-06-18 11:06:32 [main] INFO  o.s.b.w.e.undertow.UndertowWebServer - Commencing graceful shutdown. Waiting for active requests to complete
2025-06-18 11:06:32 [main] INFO  o.s.b.w.e.undertow.UndertowWebServer - Graceful shutdown complete
2025-06-18 11:06:32 [main] INFO  io.undertow - stopping server: Undertow - 2.3.18.Final
2025-06-18 11:06:32 [main] INFO  o.s.o.j.LocalContainerEntityManagerFactoryBean - Closing JPA EntityManagerFactory for persistence unit 'default'
2025-06-18 11:06:32 [main] INFO  c.a.j.support.DefaultMetricsManager - cache stat canceled
2025-06-18 11:06:32 [main] INFO  com.zaxxer.hikari.HikariDataSource - Hikari - Shutdown initiated...
2025-06-18 11:06:32 [main] INFO  com.zaxxer.hikari.HikariDataSource - Hikari - Shutdown completed.
2025-06-18 11:06:39 [background-preinit] INFO  o.h.validator.internal.util.Version - HV000001: Hibernate Validator 8.0.2.Final
2025-06-18 11:06:39 [main] INFO  o.s.d.r.c.RepositoryConfigurationDelegate - Multiple Spring Data modules found, entering strict repository configuration mode
2025-06-18 11:06:39 [main] INFO  o.s.d.r.c.RepositoryConfigurationDelegate - Bootstrapping Spring Data JPA repositories in DEFAULT mode.
2025-06-18 11:06:39 [main] INFO  o.s.d.r.c.RepositoryConfigurationDelegate - Finished Spring Data repository scanning in 87 ms. Found 1 JPA repository interface.
2025-06-18 11:06:40 [main] INFO  io.undertow.servlet - Initializing Spring embedded WebApplicationContext
2025-06-18 11:06:40 [main] INFO  o.s.b.w.s.c.ServletWebServerApplicationContext - Root WebApplicationContext: initialization completed in 913 ms
2025-06-18 11:06:40 [main] INFO  o.h.jpa.internal.util.LogHelper - HHH000204: Processing PersistenceUnitInfo [name: default]
2025-06-18 11:06:40 [main] INFO  org.hibernate.Version - HHH000412: Hibernate ORM core version 6.6.15.Final
2025-06-18 11:06:40 [main] INFO  o.h.c.i.RegionFactoryInitiator - HHH000025: Second-level cache region factory [com.ysmjjsy.goya.component.db.cache.GoyaRegionFactory]
2025-06-18 11:06:40 [main] INFO  o.h.e.b.internal.EnversServiceImpl - Envers integration enabled? : true
2025-06-18 11:06:40 [main] INFO  o.s.o.j.p.SpringPersistenceUnitInfo - No LoadTimeWeaver setup: ignoring JPA class transformer
2025-06-18 11:06:40 [main] INFO  com.zaxxer.hikari.HikariDataSource - Hikari - Starting...
2025-06-18 11:06:41 [main] INFO  com.zaxxer.hikari.pool.HikariPool - Hikari - Added connection com.p6spy.engine.wrapper.ConnectionWrapper@3ce4eb42
2025-06-18 11:06:41 [main] INFO  com.zaxxer.hikari.HikariDataSource - Hikari - Start completed.
2025-06-18 11:06:41 [main] INFO  o.hibernate.orm.connections.pooling - HHH10001005: Database info:
	Database JDBC URL [Connecting through datasource 'HikariDataSource (Hikari)']
	Database driver: undefined/unknown
	Database version: 9.2
	Autocommit mode: undefined/unknown
	Isolation level: undefined/unknown
	Minimum pool size: undefined/unknown
	Maximum pool size: undefined/unknown
2025-06-18 11:06:41 [main] INFO  c.a.j.a.AbstractCacheAutoInit - init cache area default , type= caffeine
2025-06-18 11:06:41 [main] INFO  c.a.j.a.AbstractCacheAutoInit - init cache area default , type= redis.lettuce
2025-06-18 11:06:42 [main] INFO  c.a.j.support.DefaultMetricsManager - cache stat period at 15 MINUTES
2025-06-18 11:06:43 [main] INFO  o.h.e.t.j.p.i.JtaPlatformInitiator - HHH000489: No JTA platform available (set 'hibernate.transaction.jta.platform' to enable JTA platform integration)
2025-06-18 11:06:43 [main] INFO  o.s.o.j.LocalContainerEntityManagerFactoryBean - Initialized JPA EntityManagerFactory for persistence unit 'default'
2025-06-18 11:06:43 [main] INFO  io.undertow - starting server: Undertow - 2.3.18.Final
2025-06-18 11:06:43 [main] INFO  org.xnio - XNIO version 3.8.16.Final
2025-06-18 11:06:43 [main] INFO  org.xnio.nio - XNIO NIO Implementation Version 3.8.16.Final
2025-06-18 11:06:43 [main] INFO  org.jboss.threads - JBoss Threads version 3.5.0.Final
2025-06-18 11:06:43 [main] INFO  o.s.b.w.e.undertow.UndertowWebServer - Undertow started on port 8082 (http) with context path '/'
2025-06-18 11:06:45 [main] INFO  o.s.b.w.e.undertow.UndertowWebServer - Commencing graceful shutdown. Waiting for active requests to complete
2025-06-18 11:06:45 [main] INFO  o.s.b.w.e.undertow.UndertowWebServer - Graceful shutdown complete
2025-06-18 11:06:45 [main] INFO  io.undertow - stopping server: Undertow - 2.3.18.Final
2025-06-18 11:06:45 [main] INFO  o.s.o.j.LocalContainerEntityManagerFactoryBean - Closing JPA EntityManagerFactory for persistence unit 'default'
2025-06-18 11:06:45 [main] INFO  c.a.j.support.DefaultMetricsManager - cache stat canceled
2025-06-18 11:06:45 [main] INFO  com.zaxxer.hikari.HikariDataSource - Hikari - Shutdown initiated...
2025-06-18 11:06:45 [main] INFO  com.zaxxer.hikari.HikariDataSource - Hikari - Shutdown completed.
2025-06-18 11:09:41 [background-preinit] INFO  o.h.validator.internal.util.Version - HV000001: Hibernate Validator 8.0.2.Final
2025-06-18 11:09:41 [main] INFO  o.s.d.r.c.RepositoryConfigurationDelegate - Multiple Spring Data modules found, entering strict repository configuration mode
2025-06-18 11:09:41 [main] INFO  o.s.d.r.c.RepositoryConfigurationDelegate - Bootstrapping Spring Data JPA repositories in DEFAULT mode.
2025-06-18 11:09:41 [main] INFO  o.s.d.r.c.RepositoryConfigurationDelegate - Finished Spring Data repository scanning in 106 ms. Found 1 JPA repository interface.
2025-06-18 11:09:42 [main] INFO  io.undertow.servlet - Initializing Spring embedded WebApplicationContext
2025-06-18 11:09:42 [main] INFO  o.s.b.w.s.c.ServletWebServerApplicationContext - Root WebApplicationContext: initialization completed in 1048 ms
2025-06-18 11:09:42 [main] INFO  o.h.jpa.internal.util.LogHelper - HHH000204: Processing PersistenceUnitInfo [name: default]
2025-06-18 11:09:42 [main] INFO  org.hibernate.Version - HHH000412: Hibernate ORM core version 6.6.15.Final
2025-06-18 11:09:42 [main] INFO  o.h.c.i.RegionFactoryInitiator - HHH000025: Second-level cache region factory [com.ysmjjsy.goya.component.db.cache.GoyaRegionFactory]
2025-06-18 11:09:42 [main] INFO  o.h.e.b.internal.EnversServiceImpl - Envers integration enabled? : true
2025-06-18 11:09:42 [main] INFO  o.s.o.j.p.SpringPersistenceUnitInfo - No LoadTimeWeaver setup: ignoring JPA class transformer
2025-06-18 11:09:42 [main] INFO  com.zaxxer.hikari.HikariDataSource - Hikari - Starting...
2025-06-18 11:09:42 [main] INFO  com.zaxxer.hikari.pool.HikariPool - Hikari - Added connection com.p6spy.engine.wrapper.ConnectionWrapper@178617da
2025-06-18 11:09:42 [main] INFO  com.zaxxer.hikari.HikariDataSource - Hikari - Start completed.
2025-06-18 11:09:43 [main] INFO  o.hibernate.orm.connections.pooling - HHH10001005: Database info:
	Database JDBC URL [Connecting through datasource 'HikariDataSource (Hikari)']
	Database driver: undefined/unknown
	Database version: 9.2
	Autocommit mode: undefined/unknown
	Isolation level: undefined/unknown
	Minimum pool size: undefined/unknown
	Maximum pool size: undefined/unknown
2025-06-18 11:09:43 [main] INFO  c.a.j.a.AbstractCacheAutoInit - init cache area default , type= caffeine
2025-06-18 11:09:43 [main] INFO  c.a.j.a.AbstractCacheAutoInit - init cache area default , type= redis.lettuce
2025-06-18 11:09:43 [main] INFO  c.a.j.support.DefaultMetricsManager - cache stat period at 15 MINUTES
2025-06-18 11:09:44 [main] INFO  o.h.e.t.j.p.i.JtaPlatformInitiator - HHH000489: No JTA platform available (set 'hibernate.transaction.jta.platform' to enable JTA platform integration)
2025-06-18 11:09:44 [main] INFO  o.s.o.j.LocalContainerEntityManagerFactoryBean - Initialized JPA EntityManagerFactory for persistence unit 'default'
2025-06-18 11:09:44 [main] INFO  io.undertow - starting server: Undertow - 2.3.18.Final
2025-06-18 11:09:44 [main] INFO  org.xnio - XNIO version 3.8.16.Final
2025-06-18 11:09:44 [main] INFO  org.xnio.nio - XNIO NIO Implementation Version 3.8.16.Final
2025-06-18 11:09:44 [main] INFO  org.jboss.threads - JBoss Threads version 3.5.0.Final
2025-06-18 11:09:44 [main] INFO  o.s.b.w.e.undertow.UndertowWebServer - Undertow started on port 8082 (http) with context path '/'
2025-06-18 11:09:47 [main] INFO  o.s.b.w.e.undertow.UndertowWebServer - Commencing graceful shutdown. Waiting for active requests to complete
2025-06-18 11:09:47 [main] INFO  o.s.b.w.e.undertow.UndertowWebServer - Graceful shutdown complete
2025-06-18 11:09:47 [main] INFO  io.undertow - stopping server: Undertow - 2.3.18.Final
2025-06-18 11:09:47 [main] INFO  o.s.o.j.LocalContainerEntityManagerFactoryBean - Closing JPA EntityManagerFactory for persistence unit 'default'
2025-06-18 11:09:47 [main] INFO  c.a.j.support.DefaultMetricsManager - cache stat canceled
2025-06-18 11:09:47 [main] INFO  com.zaxxer.hikari.HikariDataSource - Hikari - Shutdown initiated...
2025-06-18 11:09:47 [main] INFO  com.zaxxer.hikari.HikariDataSource - Hikari - Shutdown completed.
2025-06-18 11:10:35 [background-preinit] INFO  o.h.validator.internal.util.Version - HV000001: Hibernate Validator 8.0.2.Final
2025-06-18 11:10:36 [main] INFO  o.s.d.r.c.RepositoryConfigurationDelegate - Multiple Spring Data modules found, entering strict repository configuration mode
2025-06-18 11:10:36 [main] INFO  o.s.d.r.c.RepositoryConfigurationDelegate - Bootstrapping Spring Data JPA repositories in DEFAULT mode.
2025-06-18 11:10:36 [main] INFO  o.s.d.r.c.RepositoryConfigurationDelegate - Finished Spring Data repository scanning in 94 ms. Found 1 JPA repository interface.
2025-06-18 11:10:36 [main] INFO  io.undertow.servlet - Initializing Spring embedded WebApplicationContext
2025-06-18 11:10:36 [main] INFO  o.s.b.w.s.c.ServletWebServerApplicationContext - Root WebApplicationContext: initialization completed in 905 ms
2025-06-18 11:10:36 [main] INFO  o.h.jpa.internal.util.LogHelper - HHH000204: Processing PersistenceUnitInfo [name: default]
2025-06-18 11:10:36 [main] INFO  org.hibernate.Version - HHH000412: Hibernate ORM core version 6.6.15.Final
2025-06-18 11:10:36 [main] INFO  o.h.c.i.RegionFactoryInitiator - HHH000025: Second-level cache region factory [com.ysmjjsy.goya.component.db.cache.GoyaRegionFactory]
2025-06-18 11:10:36 [main] INFO  o.h.e.b.internal.EnversServiceImpl - Envers integration enabled? : true
2025-06-18 11:10:37 [main] INFO  o.s.o.j.p.SpringPersistenceUnitInfo - No LoadTimeWeaver setup: ignoring JPA class transformer
2025-06-18 11:10:37 [main] INFO  com.zaxxer.hikari.HikariDataSource - Hikari - Starting...
2025-06-18 11:10:37 [main] INFO  com.zaxxer.hikari.pool.HikariPool - Hikari - Added connection com.p6spy.engine.wrapper.ConnectionWrapper@356cb230
2025-06-18 11:10:37 [main] INFO  com.zaxxer.hikari.HikariDataSource - Hikari - Start completed.
2025-06-18 11:10:37 [main] INFO  o.hibernate.orm.connections.pooling - HHH10001005: Database info:
	Database JDBC URL [Connecting through datasource 'HikariDataSource (Hikari)']
	Database driver: undefined/unknown
	Database version: 9.2
	Autocommit mode: undefined/unknown
	Isolation level: undefined/unknown
	Minimum pool size: undefined/unknown
	Maximum pool size: undefined/unknown
2025-06-18 11:10:37 [main] INFO  c.a.j.a.AbstractCacheAutoInit - init cache area default , type= caffeine
2025-06-18 11:10:37 [main] INFO  c.a.j.a.AbstractCacheAutoInit - init cache area default , type= redis.lettuce
2025-06-18 11:10:38 [main] INFO  c.a.j.support.DefaultMetricsManager - cache stat period at 15 MINUTES
2025-06-18 11:10:38 [main] INFO  o.h.e.t.j.p.i.JtaPlatformInitiator - HHH000489: No JTA platform available (set 'hibernate.transaction.jta.platform' to enable JTA platform integration)
2025-06-18 11:10:38 [main] INFO  o.s.o.j.LocalContainerEntityManagerFactoryBean - Initialized JPA EntityManagerFactory for persistence unit 'default'
2025-06-18 11:10:39 [main] INFO  io.undertow - starting server: Undertow - 2.3.18.Final
2025-06-18 11:10:39 [main] INFO  org.xnio - XNIO version 3.8.16.Final
2025-06-18 11:10:39 [main] INFO  org.xnio.nio - XNIO NIO Implementation Version 3.8.16.Final
2025-06-18 11:10:39 [main] INFO  org.jboss.threads - JBoss Threads version 3.5.0.Final
2025-06-18 11:10:39 [main] INFO  o.s.b.w.e.undertow.UndertowWebServer - Undertow started on port 8082 (http) with context path '/'
2025-06-18 11:10:47 [main] INFO  c.y.g.c.w.s.DefaultRequestMappingScanEventManager - 扫描到的RequestMapping:[RequestMapping{mappingId=e335f247767c23b43167e83e45b23585, mappingCode=get:test:test33, requestMethod=GET, serviceId=test-service, className=com.ysmjjsy.goya.test.service.controller.TestController, methodName=test33, url=/test/test33, description=test33}, RequestMapping{mappingId=07bc2238bc17812b34f96f56d538fe37, mappingCode=get:test:test2, requestMethod=GET, serviceId=test-service, className=com.ysmjjsy.goya.test.service.controller.TestController, methodName=test2, url=/test/test2, description=test2}, RequestMapping{mappingId=f0edb1730b8722974b706f47e45dede9, mappingCode=get:test:test1, requestMethod=GET, serviceId=test-service, className=com.ysmjjsy.goya.test.service.controller.TestController, methodName=test1, url=/test/test1, description=test1}, RequestMapping{mappingId=e12fb8e3e4e8eb7595cf5d9a00a19ec3, mappingCode=get:test:test, requestMethod=GET, serviceId=test-service, className=com.ysmjjsy.goya.test.service.controller.TestController, methodName=test, url=/test/test, description=test}, RequestMapping{mappingId=ac5dbc274ffe16b3a0fc0ab5253437b5, mappingCode=get:test:context, requestMethod=GET, serviceId=test-service, className=com.ysmjjsy.goya.test.service.controller.TestController, methodName=context, url=/test/context, description=context}, RequestMapping{mappingId=8263cfc39ce7bea5b3e5ce42f700132e, mappingCode=get:test:test22, requestMethod=GET, serviceId=test-service, className=com.ysmjjsy.goya.test.service.controller.TestController, methodName=test22, url=/test/test22, description=test22}, RequestMapping{mappingId=c0d0e3b30fd325488b42a21a674c337f, mappingCode=get:test:test21, requestMethod=GET, serviceId=test-service, className=com.ysmjjsy.goya.test.service.controller.TestController, methodName=test21, url=/test/test21, description=test21}]
2025-06-18 11:10:48 [main] INFO  c.y.g.c.w.s.AbstractRequestMappingScanner - [Goya] |- Request Mapping Scan for Service: [test-service] FINISHED!
2025-06-18 11:15:00 [JetCacheDefaultExecutor] INFO  c.a.jetcache.support.StatInfoLogger - jetcache stat from 2025-06-18 11:10:38,472 to 2025-06-18 11:15:00,005
cache                                   |       qps|   rate|           get|           hit|          fail|        expire|avgLoadTime|maxLoadTime
----------------------------------------+----------+-------+--------------+--------------+--------------+--------------+-----------+-----------
default-query-results-region:           |      0.00|  0.00%|             0|             0|             0|             0|        0.0|          0
default-query-results-region:_local     |      0.00|  0.00%|             0|             0|             0|             0|        0.0|          0
default-query-results-region:_remote    |      0.00|  0.00%|             0|             0|             0|             0|        0.0|          0
default-update-timestamps-region:       |      0.00|  0.00%|             0|             0|             0|             0|        0.0|          0
default-update-timestamps-region:_local |      0.00|  0.00%|             0|             0|             0|             0|        0.0|          0
default-update-timestamps-region:_remote|      0.00|  0.00%|             0|             0|             0|             0|        0.0|          0
goya:cache:token:access_limited:        |      0.00|  0.00%|             0|             0|             0|             0|        0.0|          0
goya:cache:token:access_limited:_local  |      0.00|  0.00%|             0|             0|             0|             0|        0.0|          0
goya:cache:token:access_limited:_remote |      0.00|  0.00%|             0|             0|             0|             0|        0.0|          0
goya:cache:token:idempotent:            |      0.00|  0.00%|             0|             0|             0|             0|        0.0|          0
goya:cache:token:idempotent:_local      |      0.00|  0.00%|             0|             0|             0|             0|        0.0|          0
goya:cache:token:idempotent:_remote     |      0.00|  0.00%|             0|             0|             0|             0|        0.0|          0
goya:cache:token:secure_key:            |      0.00|  0.00%|             0|             0|             0|             0|        0.0|          0
goya:cache:token:secure_key:_local      |      0.00|  0.00%|             0|             0|             0|             0|        0.0|          0
goya:cache:token:secure_key:_remote     |      0.00|  0.00%|             0|             0|             0|             0|        0.0|          0
----------------------------------------+----------+-------+--------------+--------------+--------------+--------------+-----------+-----------

2025-06-18 11:18:17 [XNIO-1 task-2] INFO  io.undertow.servlet - Initializing Spring DispatcherServlet 'dispatcherServlet'
2025-06-18 11:18:17 [XNIO-1 task-2] INFO  o.s.web.servlet.DispatcherServlet - Initializing Servlet 'dispatcherServlet'
2025-06-18 11:18:17 [XNIO-1 task-2] INFO  o.s.web.servlet.DispatcherServlet - Completed initialization in 81 ms
2025-06-18 11:18:17 [XNIO-1 task-2] INFO  org.owasp.validator.html.Policy - Attempting to load AntiSamy policy from URL: file:/Users/goya/Repo/goya/goya/component/component-common/target/classes/antisamy/antisamy-anythinggoes.xml
2025-06-18 11:19:25 [SpringApplicationShutdownHook] INFO  o.s.b.w.e.undertow.UndertowWebServer - Commencing graceful shutdown. Waiting for active requests to complete
2025-06-18 11:19:25 [SpringApplicationShutdownHook] INFO  o.s.b.w.e.undertow.UndertowWebServer - Graceful shutdown complete
2025-06-18 11:19:25 [SpringApplicationShutdownHook] INFO  io.undertow - stopping server: Undertow - 2.3.18.Final
2025-06-18 11:19:25 [SpringApplicationShutdownHook] INFO  io.undertow.servlet - Destroying Spring FrameworkServlet 'dispatcherServlet'
2025-06-18 11:19:25 [SpringApplicationShutdownHook] INFO  o.s.o.j.LocalContainerEntityManagerFactoryBean - Closing JPA EntityManagerFactory for persistence unit 'default'
2025-06-18 11:19:25 [SpringApplicationShutdownHook] INFO  c.a.j.support.DefaultMetricsManager - cache stat canceled
2025-06-18 11:19:25 [SpringApplicationShutdownHook] INFO  com.zaxxer.hikari.HikariDataSource - Hikari - Shutdown initiated...
2025-06-18 11:19:25 [SpringApplicationShutdownHook] INFO  com.zaxxer.hikari.HikariDataSource - Hikari - Shutdown completed.
2025-06-18 11:19:28 [background-preinit] INFO  o.h.validator.internal.util.Version - HV000001: Hibernate Validator 8.0.2.Final
2025-06-18 11:19:28 [main] INFO  o.s.d.r.c.RepositoryConfigurationDelegate - Multiple Spring Data modules found, entering strict repository configuration mode
2025-06-18 11:19:28 [main] INFO  o.s.d.r.c.RepositoryConfigurationDelegate - Bootstrapping Spring Data JPA repositories in DEFAULT mode.
2025-06-18 11:19:28 [main] INFO  o.s.d.r.c.RepositoryConfigurationDelegate - Finished Spring Data repository scanning in 97 ms. Found 1 JPA repository interface.
2025-06-18 11:19:29 [main] INFO  io.undertow.servlet - Initializing Spring embedded WebApplicationContext
2025-06-18 11:19:29 [main] INFO  o.s.b.w.s.c.ServletWebServerApplicationContext - Root WebApplicationContext: initialization completed in 940 ms
2025-06-18 11:19:29 [main] INFO  o.h.jpa.internal.util.LogHelper - HHH000204: Processing PersistenceUnitInfo [name: default]
2025-06-18 11:19:29 [main] INFO  org.hibernate.Version - HHH000412: Hibernate ORM core version 6.6.15.Final
2025-06-18 11:19:29 [main] INFO  o.h.c.i.RegionFactoryInitiator - HHH000025: Second-level cache region factory [com.ysmjjsy.goya.component.db.cache.GoyaRegionFactory]
2025-06-18 11:19:29 [main] INFO  o.h.e.b.internal.EnversServiceImpl - Envers integration enabled? : true
2025-06-18 11:19:29 [main] INFO  o.s.o.j.p.SpringPersistenceUnitInfo - No LoadTimeWeaver setup: ignoring JPA class transformer
2025-06-18 11:19:29 [main] INFO  com.zaxxer.hikari.HikariDataSource - Hikari - Starting...
2025-06-18 11:19:29 [main] INFO  com.zaxxer.hikari.pool.HikariPool - Hikari - Added connection com.p6spy.engine.wrapper.ConnectionWrapper@793248d
2025-06-18 11:19:29 [main] INFO  com.zaxxer.hikari.HikariDataSource - Hikari - Start completed.
2025-06-18 11:19:30 [main] INFO  o.hibernate.orm.connections.pooling - HHH10001005: Database info:
	Database JDBC URL [Connecting through datasource 'HikariDataSource (Hikari)']
	Database driver: undefined/unknown
	Database version: 9.2
	Autocommit mode: undefined/unknown
	Isolation level: undefined/unknown
	Minimum pool size: undefined/unknown
	Maximum pool size: undefined/unknown
2025-06-18 11:19:30 [main] INFO  c.a.j.a.AbstractCacheAutoInit - init cache area default , type= caffeine
2025-06-18 11:19:30 [main] INFO  c.a.j.a.AbstractCacheAutoInit - init cache area default , type= redis.lettuce
2025-06-18 11:19:31 [main] INFO  c.a.j.support.DefaultMetricsManager - cache stat period at 15 MINUTES
2025-06-18 11:19:31 [main] INFO  o.h.e.t.j.p.i.JtaPlatformInitiator - HHH000489: No JTA platform available (set 'hibernate.transaction.jta.platform' to enable JTA platform integration)
2025-06-18 11:19:31 [main] INFO  o.s.o.j.LocalContainerEntityManagerFactoryBean - Initialized JPA EntityManagerFactory for persistence unit 'default'
2025-06-18 11:19:32 [main] INFO  io.undertow - starting server: Undertow - 2.3.18.Final
2025-06-18 11:19:32 [main] INFO  org.xnio - XNIO version 3.8.16.Final
2025-06-18 11:19:32 [main] INFO  org.xnio.nio - XNIO NIO Implementation Version 3.8.16.Final
2025-06-18 11:19:32 [main] INFO  org.jboss.threads - JBoss Threads version 3.5.0.Final
2025-06-18 11:19:32 [main] INFO  o.s.b.w.e.undertow.UndertowWebServer - Undertow started on port 8082 (http) with context path '/'
2025-06-18 11:19:32 [main] INFO  c.y.g.c.w.s.DefaultRequestMappingScanEventManager - 扫描到的RequestMapping:[RequestMapping{mappingId=c0d0e3b30fd325488b42a21a674c337f, mappingCode=get:test:test21, requestMethod=GET, serviceId=test-service, className=com.ysmjjsy.goya.test.service.controller.TestController, methodName=test21, url=/test/test21, description=test21}, RequestMapping{mappingId=e335f247767c23b43167e83e45b23585, mappingCode=get:test:test33, requestMethod=GET, serviceId=test-service, className=com.ysmjjsy.goya.test.service.controller.TestController, methodName=test33, url=/test/test33, description=test33}, RequestMapping{mappingId=07bc2238bc17812b34f96f56d538fe37, mappingCode=get:test:test2, requestMethod=GET, serviceId=test-service, className=com.ysmjjsy.goya.test.service.controller.TestController, methodName=test2, url=/test/test2, description=test2}, RequestMapping{mappingId=f0edb1730b8722974b706f47e45dede9, mappingCode=get:test:test1, requestMethod=GET, serviceId=test-service, className=com.ysmjjsy.goya.test.service.controller.TestController, methodName=test1, url=/test/test1, description=test1}, RequestMapping{mappingId=ac5dbc274ffe16b3a0fc0ab5253437b5, mappingCode=get:test:context, requestMethod=GET, serviceId=test-service, className=com.ysmjjsy.goya.test.service.controller.TestController, methodName=context, url=/test/context, description=context}, RequestMapping{mappingId=e12fb8e3e4e8eb7595cf5d9a00a19ec3, mappingCode=get:test:test, requestMethod=GET, serviceId=test-service, className=com.ysmjjsy.goya.test.service.controller.TestController, methodName=test, url=/test/test, description=test}, RequestMapping{mappingId=8263cfc39ce7bea5b3e5ce42f700132e, mappingCode=get:test:test22, requestMethod=GET, serviceId=test-service, className=com.ysmjjsy.goya.test.service.controller.TestController, methodName=test22, url=/test/test22, description=test22}]
2025-06-18 11:19:32 [main] INFO  c.y.g.c.w.s.AbstractRequestMappingScanner - [Goya] |- Request Mapping Scan for Service: [test-service] FINISHED!
2025-06-18 11:19:36 [XNIO-1 task-2] INFO  io.undertow.servlet - Initializing Spring DispatcherServlet 'dispatcherServlet'
2025-06-18 11:19:36 [XNIO-1 task-2] INFO  o.s.web.servlet.DispatcherServlet - Initializing Servlet 'dispatcherServlet'
2025-06-18 11:19:36 [XNIO-1 task-2] INFO  o.s.web.servlet.DispatcherServlet - Completed initialization in 71 ms
2025-06-18 11:19:36 [XNIO-1 task-2] INFO  c.y.g.t.s.controller.TestController - instance = ServiceContextHolder(architecture=MONOCOQUE, dataAccessStrategy=REMOTE, protocol=HTTP, port=8082, ip=127.0.0.1, address=127.0.0.1:8082, url=http://127.0.0.1:8082, applicationName=test-service, applicationContext=org.springframework.boot.web.servlet.context.AnnotationConfigServletWebServerApplicationContext@4fe01803, started on Wed Jun 18 11:19:28 CST 2025, gatewayServiceUri=)
2025-06-18 11:30:00 [JetCacheDefaultExecutor] INFO  c.a.jetcache.support.StatInfoLogger - jetcache stat from 2025-06-18 11:19:31,260 to 2025-06-18 11:30:00,031
cache                                   |       qps|   rate|           get|           hit|          fail|        expire|avgLoadTime|maxLoadTime
----------------------------------------+----------+-------+--------------+--------------+--------------+--------------+-----------+-----------
default-query-results-region:           |      0.00|  0.00%|             0|             0|             0|             0|        0.0|          0
default-query-results-region:_local     |      0.00|  0.00%|             0|             0|             0|             0|        0.0|          0
default-query-results-region:_remote    |      0.00|  0.00%|             0|             0|             0|             0|        0.0|          0
default-update-timestamps-region:       |      0.00|  0.00%|             0|             0|             0|             0|        0.0|          0
default-update-timestamps-region:_local |      0.00|  0.00%|             0|             0|             0|             0|        0.0|          0
default-update-timestamps-region:_remote|      0.00|  0.00%|             0|             0|             0|             0|        0.0|          0
goya:cache:token:access_limited:        |      0.00|  0.00%|             0|             0|             0|             0|        0.0|          0
goya:cache:token:access_limited:_local  |      0.00|  0.00%|             0|             0|             0|             0|        0.0|          0
goya:cache:token:access_limited:_remote |      0.00|  0.00%|             0|             0|             0|             0|        0.0|          0
goya:cache:token:idempotent:            |      0.00|  0.00%|             0|             0|             0|             0|        0.0|          0
goya:cache:token:idempotent:_local      |      0.00|  0.00%|             0|             0|             0|             0|        0.0|          0
goya:cache:token:idempotent:_remote     |      0.00|  0.00%|             0|             0|             0|             0|        0.0|          0
goya:cache:token:secure_key:            |      0.00|  0.00%|             0|             0|             0|             0|        0.0|          0
goya:cache:token:secure_key:_local      |      0.00|  0.00%|             0|             0|             0|             0|        0.0|          0
goya:cache:token:secure_key:_remote     |      0.00|  0.00%|             0|             0|             0|             0|        0.0|          0
----------------------------------------+----------+-------+--------------+--------------+--------------+--------------+-----------+-----------

2025-06-18 11:45:00 [JetCacheDefaultExecutor] INFO  c.a.jetcache.support.StatInfoLogger - jetcache stat from 2025-06-18 11:30:00,031 to 2025-06-18 11:45:00,053
cache                                   |       qps|   rate|           get|           hit|          fail|        expire|avgLoadTime|maxLoadTime
----------------------------------------+----------+-------+--------------+--------------+--------------+--------------+-----------+-----------
default-query-results-region:           |      0.00|  0.00%|             0|             0|             0|             0|        0.0|          0
default-query-results-region:_local     |      0.00|  0.00%|             0|             0|             0|             0|        0.0|          0
default-query-results-region:_remote    |      0.00|  0.00%|             0|             0|             0|             0|        0.0|          0
default-update-timestamps-region:       |      0.00|  0.00%|             0|             0|             0|             0|        0.0|          0
default-update-timestamps-region:_local |      0.00|  0.00%|             0|             0|             0|             0|        0.0|          0
default-update-timestamps-region:_remote|      0.00|  0.00%|             0|             0|             0|             0|        0.0|          0
goya:cache:token:access_limited:        |      0.00|  0.00%|             0|             0|             0|             0|        0.0|          0
goya:cache:token:access_limited:_local  |      0.00|  0.00%|             0|             0|             0|             0|        0.0|          0
goya:cache:token:access_limited:_remote |      0.00|  0.00%|             0|             0|             0|             0|        0.0|          0
goya:cache:token:idempotent:            |      0.00|  0.00%|             0|             0|             0|             0|        0.0|          0
goya:cache:token:idempotent:_local      |      0.00|  0.00%|             0|             0|             0|             0|        0.0|          0
goya:cache:token:idempotent:_remote     |      0.00|  0.00%|             0|             0|             0|             0|        0.0|          0
goya:cache:token:secure_key:            |      0.00|  0.00%|             0|             0|             0|             0|        0.0|          0
goya:cache:token:secure_key:_local      |      0.00|  0.00%|             0|             0|             0|             0|        0.0|          0
goya:cache:token:secure_key:_remote     |      0.00|  0.00%|             0|             0|             0|             0|        0.0|          0
----------------------------------------+----------+-------+--------------+--------------+--------------+--------------+-----------+-----------

2025-06-18 12:00:00 [JetCacheDefaultExecutor] INFO  c.a.jetcache.support.StatInfoLogger - jetcache stat from 2025-06-18 11:45:00,053 to 2025-06-18 12:00:00,056
cache                                   |       qps|   rate|           get|           hit|          fail|        expire|avgLoadTime|maxLoadTime
----------------------------------------+----------+-------+--------------+--------------+--------------+--------------+-----------+-----------
default-query-results-region:           |      0.00|  0.00%|             0|             0|             0|             0|        0.0|          0
default-query-results-region:_local     |      0.00|  0.00%|             0|             0|             0|             0|        0.0|          0
default-query-results-region:_remote    |      0.00|  0.00%|             0|             0|             0|             0|        0.0|          0
default-update-timestamps-region:       |      0.00|  0.00%|             0|             0|             0|             0|        0.0|          0
default-update-timestamps-region:_local |      0.00|  0.00%|             0|             0|             0|             0|        0.0|          0
default-update-timestamps-region:_remote|      0.00|  0.00%|             0|             0|             0|             0|        0.0|          0
goya:cache:token:access_limited:        |      0.00|  0.00%|             0|             0|             0|             0|        0.0|          0
goya:cache:token:access_limited:_local  |      0.00|  0.00%|             0|             0|             0|             0|        0.0|          0
goya:cache:token:access_limited:_remote |      0.00|  0.00%|             0|             0|             0|             0|        0.0|          0
goya:cache:token:idempotent:            |      0.00|  0.00%|             0|             0|             0|             0|        0.0|          0
goya:cache:token:idempotent:_local      |      0.00|  0.00%|             0|             0|             0|             0|        0.0|          0
goya:cache:token:idempotent:_remote     |      0.00|  0.00%|             0|             0|             0|             0|        0.0|          0
goya:cache:token:secure_key:            |      0.00|  0.00%|             0|             0|             0|             0|        0.0|          0
goya:cache:token:secure_key:_local      |      0.00|  0.00%|             0|             0|             0|             0|        0.0|          0
goya:cache:token:secure_key:_remote     |      0.00|  0.00%|             0|             0|             0|             0|        0.0|          0
----------------------------------------+----------+-------+--------------+--------------+--------------+--------------+-----------+-----------

2025-06-18 12:15:00 [JetCacheDefaultExecutor] INFO  c.a.jetcache.support.StatInfoLogger - jetcache stat from 2025-06-18 12:00:00,056 to 2025-06-18 12:15:00,075
cache                                   |       qps|   rate|           get|           hit|          fail|        expire|avgLoadTime|maxLoadTime
----------------------------------------+----------+-------+--------------+--------------+--------------+--------------+-----------+-----------
default-query-results-region:           |      0.00|  0.00%|             0|             0|             0|             0|        0.0|          0
default-query-results-region:_local     |      0.00|  0.00%|             0|             0|             0|             0|        0.0|          0
default-query-results-region:_remote    |      0.00|  0.00%|             0|             0|             0|             0|        0.0|          0
default-update-timestamps-region:       |      0.00|  0.00%|             0|             0|             0|             0|        0.0|          0
default-update-timestamps-region:_local |      0.00|  0.00%|             0|             0|             0|             0|        0.0|          0
default-update-timestamps-region:_remote|      0.00|  0.00%|             0|             0|             0|             0|        0.0|          0
goya:cache:token:access_limited:        |      0.00|  0.00%|             0|             0|             0|             0|        0.0|          0
goya:cache:token:access_limited:_local  |      0.00|  0.00%|             0|             0|             0|             0|        0.0|          0
goya:cache:token:access_limited:_remote |      0.00|  0.00%|             0|             0|             0|             0|        0.0|          0
goya:cache:token:idempotent:            |      0.00|  0.00%|             0|             0|             0|             0|        0.0|          0
goya:cache:token:idempotent:_local      |      0.00|  0.00%|             0|             0|             0|             0|        0.0|          0
goya:cache:token:idempotent:_remote     |      0.00|  0.00%|             0|             0|             0|             0|        0.0|          0
goya:cache:token:secure_key:            |      0.00|  0.00%|             0|             0|             0|             0|        0.0|          0
goya:cache:token:secure_key:_local      |      0.00|  0.00%|             0|             0|             0|             0|        0.0|          0
goya:cache:token:secure_key:_remote     |      0.00|  0.00%|             0|             0|             0|             0|        0.0|          0
----------------------------------------+----------+-------+--------------+--------------+--------------+--------------+-----------+-----------

2025-06-18 12:30:00 [JetCacheDefaultExecutor] INFO  c.a.jetcache.support.StatInfoLogger - jetcache stat from 2025-06-18 12:15:00,075 to 2025-06-18 12:30:00,065
cache                                   |       qps|   rate|           get|           hit|          fail|        expire|avgLoadTime|maxLoadTime
----------------------------------------+----------+-------+--------------+--------------+--------------+--------------+-----------+-----------
default-query-results-region:           |      0.00|  0.00%|             0|             0|             0|             0|        0.0|          0
default-query-results-region:_local     |      0.00|  0.00%|             0|             0|             0|             0|        0.0|          0
default-query-results-region:_remote    |      0.00|  0.00%|             0|             0|             0|             0|        0.0|          0
default-update-timestamps-region:       |      0.00|  0.00%|             0|             0|             0|             0|        0.0|          0
default-update-timestamps-region:_local |      0.00|  0.00%|             0|             0|             0|             0|        0.0|          0
default-update-timestamps-region:_remote|      0.00|  0.00%|             0|             0|             0|             0|        0.0|          0
goya:cache:token:access_limited:        |      0.00|  0.00%|             0|             0|             0|             0|        0.0|          0
goya:cache:token:access_limited:_local  |      0.00|  0.00%|             0|             0|             0|             0|        0.0|          0
goya:cache:token:access_limited:_remote |      0.00|  0.00%|             0|             0|             0|             0|        0.0|          0
goya:cache:token:idempotent:            |      0.00|  0.00%|             0|             0|             0|             0|        0.0|          0
goya:cache:token:idempotent:_local      |      0.00|  0.00%|             0|             0|             0|             0|        0.0|          0
goya:cache:token:idempotent:_remote     |      0.00|  0.00%|             0|             0|             0|             0|        0.0|          0
goya:cache:token:secure_key:            |      0.00|  0.00%|             0|             0|             0|             0|        0.0|          0
goya:cache:token:secure_key:_local      |      0.00|  0.00%|             0|             0|             0|             0|        0.0|          0
goya:cache:token:secure_key:_remote     |      0.00|  0.00%|             0|             0|             0|             0|        0.0|          0
----------------------------------------+----------+-------+--------------+--------------+--------------+--------------+-----------+-----------

2025-06-18 12:45:00 [JetCacheDefaultExecutor] INFO  c.a.jetcache.support.StatInfoLogger - jetcache stat from 2025-06-18 12:30:00,065 to 2025-06-18 12:45:00,013
cache                                   |       qps|   rate|           get|           hit|          fail|        expire|avgLoadTime|maxLoadTime
----------------------------------------+----------+-------+--------------+--------------+--------------+--------------+-----------+-----------
default-query-results-region:           |      0.00|  0.00%|             0|             0|             0|             0|        0.0|          0
default-query-results-region:_local     |      0.00|  0.00%|             0|             0|             0|             0|        0.0|          0
default-query-results-region:_remote    |      0.00|  0.00%|             0|             0|             0|             0|        0.0|          0
default-update-timestamps-region:       |      0.00|  0.00%|             0|             0|             0|             0|        0.0|          0
default-update-timestamps-region:_local |      0.00|  0.00%|             0|             0|             0|             0|        0.0|          0
default-update-timestamps-region:_remote|      0.00|  0.00%|             0|             0|             0|             0|        0.0|          0
goya:cache:token:access_limited:        |      0.00|  0.00%|             0|             0|             0|             0|        0.0|          0
goya:cache:token:access_limited:_local  |      0.00|  0.00%|             0|             0|             0|             0|        0.0|          0
goya:cache:token:access_limited:_remote |      0.00|  0.00%|             0|             0|             0|             0|        0.0|          0
goya:cache:token:idempotent:            |      0.00|  0.00%|             0|             0|             0|             0|        0.0|          0
goya:cache:token:idempotent:_local      |      0.00|  0.00%|             0|             0|             0|             0|        0.0|          0
goya:cache:token:idempotent:_remote     |      0.00|  0.00%|             0|             0|             0|             0|        0.0|          0
goya:cache:token:secure_key:            |      0.00|  0.00%|             0|             0|             0|             0|        0.0|          0
goya:cache:token:secure_key:_local      |      0.00|  0.00%|             0|             0|             0|             0|        0.0|          0
goya:cache:token:secure_key:_remote     |      0.00|  0.00%|             0|             0|             0|             0|        0.0|          0
----------------------------------------+----------+-------+--------------+--------------+--------------+--------------+-----------+-----------

2025-06-18 13:00:00 [JetCacheDefaultExecutor] INFO  c.a.jetcache.support.StatInfoLogger - jetcache stat from 2025-06-18 12:45:00,013 to 2025-06-18 13:00:00,041
cache                                   |       qps|   rate|           get|           hit|          fail|        expire|avgLoadTime|maxLoadTime
----------------------------------------+----------+-------+--------------+--------------+--------------+--------------+-----------+-----------
default-query-results-region:           |      0.00|  0.00%|             0|             0|             0|             0|        0.0|          0
default-query-results-region:_local     |      0.00|  0.00%|             0|             0|             0|             0|        0.0|          0
default-query-results-region:_remote    |      0.00|  0.00%|             0|             0|             0|             0|        0.0|          0
default-update-timestamps-region:       |      0.00|  0.00%|             0|             0|             0|             0|        0.0|          0
default-update-timestamps-region:_local |      0.00|  0.00%|             0|             0|             0|             0|        0.0|          0
default-update-timestamps-region:_remote|      0.00|  0.00%|             0|             0|             0|             0|        0.0|          0
goya:cache:token:access_limited:        |      0.00|  0.00%|             0|             0|             0|             0|        0.0|          0
goya:cache:token:access_limited:_local  |      0.00|  0.00%|             0|             0|             0|             0|        0.0|          0
goya:cache:token:access_limited:_remote |      0.00|  0.00%|             0|             0|             0|             0|        0.0|          0
goya:cache:token:idempotent:            |      0.00|  0.00%|             0|             0|             0|             0|        0.0|          0
goya:cache:token:idempotent:_local      |      0.00|  0.00%|             0|             0|             0|             0|        0.0|          0
goya:cache:token:idempotent:_remote     |      0.00|  0.00%|             0|             0|             0|             0|        0.0|          0
goya:cache:token:secure_key:            |      0.00|  0.00%|             0|             0|             0|             0|        0.0|          0
goya:cache:token:secure_key:_local      |      0.00|  0.00%|             0|             0|             0|             0|        0.0|          0
goya:cache:token:secure_key:_remote     |      0.00|  0.00%|             0|             0|             0|             0|        0.0|          0
----------------------------------------+----------+-------+--------------+--------------+--------------+--------------+-----------+-----------

2025-06-18 13:15:00 [JetCacheDefaultExecutor] INFO  c.a.jetcache.support.StatInfoLogger - jetcache stat from 2025-06-18 13:00:00,041 to 2025-06-18 13:15:00,029
cache                                   |       qps|   rate|           get|           hit|          fail|        expire|avgLoadTime|maxLoadTime
----------------------------------------+----------+-------+--------------+--------------+--------------+--------------+-----------+-----------
default-query-results-region:           |      0.00|  0.00%|             0|             0|             0|             0|        0.0|          0
default-query-results-region:_local     |      0.00|  0.00%|             0|             0|             0|             0|        0.0|          0
default-query-results-region:_remote    |      0.00|  0.00%|             0|             0|             0|             0|        0.0|          0
default-update-timestamps-region:       |      0.00|  0.00%|             0|             0|             0|             0|        0.0|          0
default-update-timestamps-region:_local |      0.00|  0.00%|             0|             0|             0|             0|        0.0|          0
default-update-timestamps-region:_remote|      0.00|  0.00%|             0|             0|             0|             0|        0.0|          0
goya:cache:token:access_limited:        |      0.00|  0.00%|             0|             0|             0|             0|        0.0|          0
goya:cache:token:access_limited:_local  |      0.00|  0.00%|             0|             0|             0|             0|        0.0|          0
goya:cache:token:access_limited:_remote |      0.00|  0.00%|             0|             0|             0|             0|        0.0|          0
goya:cache:token:idempotent:            |      0.00|  0.00%|             0|             0|             0|             0|        0.0|          0
goya:cache:token:idempotent:_local      |      0.00|  0.00%|             0|             0|             0|             0|        0.0|          0
goya:cache:token:idempotent:_remote     |      0.00|  0.00%|             0|             0|             0|             0|        0.0|          0
goya:cache:token:secure_key:            |      0.00|  0.00%|             0|             0|             0|             0|        0.0|          0
goya:cache:token:secure_key:_local      |      0.00|  0.00%|             0|             0|             0|             0|        0.0|          0
goya:cache:token:secure_key:_remote     |      0.00|  0.00%|             0|             0|             0|             0|        0.0|          0
----------------------------------------+----------+-------+--------------+--------------+--------------+--------------+-----------+-----------

2025-06-18 13:30:00 [JetCacheDefaultExecutor] INFO  c.a.jetcache.support.StatInfoLogger - jetcache stat from 2025-06-18 13:15:00,029 to 2025-06-18 13:30:00,012
cache                                   |       qps|   rate|           get|           hit|          fail|        expire|avgLoadTime|maxLoadTime
----------------------------------------+----------+-------+--------------+--------------+--------------+--------------+-----------+-----------
default-query-results-region:           |      0.00|  0.00%|             0|             0|             0|             0|        0.0|          0
default-query-results-region:_local     |      0.00|  0.00%|             0|             0|             0|             0|        0.0|          0
default-query-results-region:_remote    |      0.00|  0.00%|             0|             0|             0|             0|        0.0|          0
default-update-timestamps-region:       |      0.00|  0.00%|             0|             0|             0|             0|        0.0|          0
default-update-timestamps-region:_local |      0.00|  0.00%|             0|             0|             0|             0|        0.0|          0
default-update-timestamps-region:_remote|      0.00|  0.00%|             0|             0|             0|             0|        0.0|          0
goya:cache:token:access_limited:        |      0.00|  0.00%|             0|             0|             0|             0|        0.0|          0
goya:cache:token:access_limited:_local  |      0.00|  0.00%|             0|             0|             0|             0|        0.0|          0
goya:cache:token:access_limited:_remote |      0.00|  0.00%|             0|             0|             0|             0|        0.0|          0
goya:cache:token:idempotent:            |      0.00|  0.00%|             0|             0|             0|             0|        0.0|          0
goya:cache:token:idempotent:_local      |      0.00|  0.00%|             0|             0|             0|             0|        0.0|          0
goya:cache:token:idempotent:_remote     |      0.00|  0.00%|             0|             0|             0|             0|        0.0|          0
goya:cache:token:secure_key:            |      0.00|  0.00%|             0|             0|             0|             0|        0.0|          0
goya:cache:token:secure_key:_local      |      0.00|  0.00%|             0|             0|             0|             0|        0.0|          0
goya:cache:token:secure_key:_remote     |      0.00|  0.00%|             0|             0|             0|             0|        0.0|          0
----------------------------------------+----------+-------+--------------+--------------+--------------+--------------+-----------+-----------

2025-06-18 13:45:00 [JetCacheDefaultExecutor] INFO  c.a.jetcache.support.StatInfoLogger - jetcache stat from 2025-06-18 13:30:00,012 to 2025-06-18 13:45:00,005
cache                                   |       qps|   rate|           get|           hit|          fail|        expire|avgLoadTime|maxLoadTime
----------------------------------------+----------+-------+--------------+--------------+--------------+--------------+-----------+-----------
default-query-results-region:           |      0.00|  0.00%|             0|             0|             0|             0|        0.0|          0
default-query-results-region:_local     |      0.00|  0.00%|             0|             0|             0|             0|        0.0|          0
default-query-results-region:_remote    |      0.00|  0.00%|             0|             0|             0|             0|        0.0|          0
default-update-timestamps-region:       |      0.00|  0.00%|             0|             0|             0|             0|        0.0|          0
default-update-timestamps-region:_local |      0.00|  0.00%|             0|             0|             0|             0|        0.0|          0
default-update-timestamps-region:_remote|      0.00|  0.00%|             0|             0|             0|             0|        0.0|          0
goya:cache:token:access_limited:        |      0.00|  0.00%|             0|             0|             0|             0|        0.0|          0
goya:cache:token:access_limited:_local  |      0.00|  0.00%|             0|             0|             0|             0|        0.0|          0
goya:cache:token:access_limited:_remote |      0.00|  0.00%|             0|             0|             0|             0|        0.0|          0
goya:cache:token:idempotent:            |      0.00|  0.00%|             0|             0|             0|             0|        0.0|          0
goya:cache:token:idempotent:_local      |      0.00|  0.00%|             0|             0|             0|             0|        0.0|          0
goya:cache:token:idempotent:_remote     |      0.00|  0.00%|             0|             0|             0|             0|        0.0|          0
goya:cache:token:secure_key:            |      0.00|  0.00%|             0|             0|             0|             0|        0.0|          0
goya:cache:token:secure_key:_local      |      0.00|  0.00%|             0|             0|             0|             0|        0.0|          0
goya:cache:token:secure_key:_remote     |      0.00|  0.00%|             0|             0|             0|             0|        0.0|          0
----------------------------------------+----------+-------+--------------+--------------+--------------+--------------+-----------+-----------

2025-06-18 14:00:00 [JetCacheDefaultExecutor] INFO  c.a.jetcache.support.StatInfoLogger - jetcache stat from 2025-06-18 13:45:00,005 to 2025-06-18 14:00:00,002
cache                                   |       qps|   rate|           get|           hit|          fail|        expire|avgLoadTime|maxLoadTime
----------------------------------------+----------+-------+--------------+--------------+--------------+--------------+-----------+-----------
default-query-results-region:           |      0.00|  0.00%|             0|             0|             0|             0|        0.0|          0
default-query-results-region:_local     |      0.00|  0.00%|             0|             0|             0|             0|        0.0|          0
default-query-results-region:_remote    |      0.00|  0.00%|             0|             0|             0|             0|        0.0|          0
default-update-timestamps-region:       |      0.00|  0.00%|             0|             0|             0|             0|        0.0|          0
default-update-timestamps-region:_local |      0.00|  0.00%|             0|             0|             0|             0|        0.0|          0
default-update-timestamps-region:_remote|      0.00|  0.00%|             0|             0|             0|             0|        0.0|          0
goya:cache:token:access_limited:        |      0.00|  0.00%|             0|             0|             0|             0|        0.0|          0
goya:cache:token:access_limited:_local  |      0.00|  0.00%|             0|             0|             0|             0|        0.0|          0
goya:cache:token:access_limited:_remote |      0.00|  0.00%|             0|             0|             0|             0|        0.0|          0
goya:cache:token:idempotent:            |      0.00|  0.00%|             0|             0|             0|             0|        0.0|          0
goya:cache:token:idempotent:_local      |      0.00|  0.00%|             0|             0|             0|             0|        0.0|          0
goya:cache:token:idempotent:_remote     |      0.00|  0.00%|             0|             0|             0|             0|        0.0|          0
goya:cache:token:secure_key:            |      0.00|  0.00%|             0|             0|             0|             0|        0.0|          0
goya:cache:token:secure_key:_local      |      0.00|  0.00%|             0|             0|             0|             0|        0.0|          0
goya:cache:token:secure_key:_remote     |      0.00|  0.00%|             0|             0|             0|             0|        0.0|          0
----------------------------------------+----------+-------+--------------+--------------+--------------+--------------+-----------+-----------

2025-06-18 14:14:59 [JetCacheDefaultExecutor] INFO  c.a.jetcache.support.StatInfoLogger - jetcache stat from 2025-06-18 14:00:00,002 to 2025-06-18 14:14:59,996
cache                                   |       qps|   rate|           get|           hit|          fail|        expire|avgLoadTime|maxLoadTime
----------------------------------------+----------+-------+--------------+--------------+--------------+--------------+-----------+-----------
default-query-results-region:           |      0.00|  0.00%|             0|             0|             0|             0|        0.0|          0
default-query-results-region:_local     |      0.00|  0.00%|             0|             0|             0|             0|        0.0|          0
default-query-results-region:_remote    |      0.00|  0.00%|             0|             0|             0|             0|        0.0|          0
default-update-timestamps-region:       |      0.00|  0.00%|             0|             0|             0|             0|        0.0|          0
default-update-timestamps-region:_local |      0.00|  0.00%|             0|             0|             0|             0|        0.0|          0
default-update-timestamps-region:_remote|      0.00|  0.00%|             0|             0|             0|             0|        0.0|          0
goya:cache:token:access_limited:        |      0.00|  0.00%|             0|             0|             0|             0|        0.0|          0
goya:cache:token:access_limited:_local  |      0.00|  0.00%|             0|             0|             0|             0|        0.0|          0
goya:cache:token:access_limited:_remote |      0.00|  0.00%|             0|             0|             0|             0|        0.0|          0
goya:cache:token:idempotent:            |      0.00|  0.00%|             0|             0|             0|             0|        0.0|          0
goya:cache:token:idempotent:_local      |      0.00|  0.00%|             0|             0|             0|             0|        0.0|          0
goya:cache:token:idempotent:_remote     |      0.00|  0.00%|             0|             0|             0|             0|        0.0|          0
goya:cache:token:secure_key:            |      0.00|  0.00%|             0|             0|             0|             0|        0.0|          0
goya:cache:token:secure_key:_local      |      0.00|  0.00%|             0|             0|             0|             0|        0.0|          0
goya:cache:token:secure_key:_remote     |      0.00|  0.00%|             0|             0|             0|             0|        0.0|          0
----------------------------------------+----------+-------+--------------+--------------+--------------+--------------+-----------+-----------

2025-06-18 14:30:00 [JetCacheDefaultExecutor] INFO  c.a.jetcache.support.StatInfoLogger - jetcache stat from 2025-06-18 14:14:59,996 to 2025-06-18 14:30:00,028
cache                                   |       qps|   rate|           get|           hit|          fail|        expire|avgLoadTime|maxLoadTime
----------------------------------------+----------+-------+--------------+--------------+--------------+--------------+-----------+-----------
default-query-results-region:           |      0.00|  0.00%|             0|             0|             0|             0|        0.0|          0
default-query-results-region:_local     |      0.00|  0.00%|             0|             0|             0|             0|        0.0|          0
default-query-results-region:_remote    |      0.00|  0.00%|             0|             0|             0|             0|        0.0|          0
default-update-timestamps-region:       |      0.00|  0.00%|             0|             0|             0|             0|        0.0|          0
default-update-timestamps-region:_local |      0.00|  0.00%|             0|             0|             0|             0|        0.0|          0
default-update-timestamps-region:_remote|      0.00|  0.00%|             0|             0|             0|             0|        0.0|          0
goya:cache:token:access_limited:        |      0.00|  0.00%|             0|             0|             0|             0|        0.0|          0
goya:cache:token:access_limited:_local  |      0.00|  0.00%|             0|             0|             0|             0|        0.0|          0
goya:cache:token:access_limited:_remote |      0.00|  0.00%|             0|             0|             0|             0|        0.0|          0
goya:cache:token:idempotent:            |      0.00|  0.00%|             0|             0|             0|             0|        0.0|          0
goya:cache:token:idempotent:_local      |      0.00|  0.00%|             0|             0|             0|             0|        0.0|          0
goya:cache:token:idempotent:_remote     |      0.00|  0.00%|             0|             0|             0|             0|        0.0|          0
goya:cache:token:secure_key:            |      0.00|  0.00%|             0|             0|             0|             0|        0.0|          0
goya:cache:token:secure_key:_local      |      0.00|  0.00%|             0|             0|             0|             0|        0.0|          0
goya:cache:token:secure_key:_remote     |      0.00|  0.00%|             0|             0|             0|             0|        0.0|          0
----------------------------------------+----------+-------+--------------+--------------+--------------+--------------+-----------+-----------

2025-06-18 14:45:00 [JetCacheDefaultExecutor] INFO  c.a.jetcache.support.StatInfoLogger - jetcache stat from 2025-06-18 14:30:00,028 to 2025-06-18 14:45:00,018
cache                                   |       qps|   rate|           get|           hit|          fail|        expire|avgLoadTime|maxLoadTime
----------------------------------------+----------+-------+--------------+--------------+--------------+--------------+-----------+-----------
default-query-results-region:           |      0.00|  0.00%|             0|             0|             0|             0|        0.0|          0
default-query-results-region:_local     |      0.00|  0.00%|             0|             0|             0|             0|        0.0|          0
default-query-results-region:_remote    |      0.00|  0.00%|             0|             0|             0|             0|        0.0|          0
default-update-timestamps-region:       |      0.00|  0.00%|             0|             0|             0|             0|        0.0|          0
default-update-timestamps-region:_local |      0.00|  0.00%|             0|             0|             0|             0|        0.0|          0
default-update-timestamps-region:_remote|      0.00|  0.00%|             0|             0|             0|             0|        0.0|          0
goya:cache:token:access_limited:        |      0.00|  0.00%|             0|             0|             0|             0|        0.0|          0
goya:cache:token:access_limited:_local  |      0.00|  0.00%|             0|             0|             0|             0|        0.0|          0
goya:cache:token:access_limited:_remote |      0.00|  0.00%|             0|             0|             0|             0|        0.0|          0
goya:cache:token:idempotent:            |      0.00|  0.00%|             0|             0|             0|             0|        0.0|          0
goya:cache:token:idempotent:_local      |      0.00|  0.00%|             0|             0|             0|             0|        0.0|          0
goya:cache:token:idempotent:_remote     |      0.00|  0.00%|             0|             0|             0|             0|        0.0|          0
goya:cache:token:secure_key:            |      0.00|  0.00%|             0|             0|             0|             0|        0.0|          0
goya:cache:token:secure_key:_local      |      0.00|  0.00%|             0|             0|             0|             0|        0.0|          0
goya:cache:token:secure_key:_remote     |      0.00|  0.00%|             0|             0|             0|             0|        0.0|          0
----------------------------------------+----------+-------+--------------+--------------+--------------+--------------+-----------+-----------

2025-06-18 15:00:00 [JetCacheDefaultExecutor] INFO  c.a.jetcache.support.StatInfoLogger - jetcache stat from 2025-06-18 14:45:00,018 to 2025-06-18 15:00:00,042
cache                                   |       qps|   rate|           get|           hit|          fail|        expire|avgLoadTime|maxLoadTime
----------------------------------------+----------+-------+--------------+--------------+--------------+--------------+-----------+-----------
default-query-results-region:           |      0.00|  0.00%|             0|             0|             0|             0|        0.0|          0
default-query-results-region:_local     |      0.00|  0.00%|             0|             0|             0|             0|        0.0|          0
default-query-results-region:_remote    |      0.00|  0.00%|             0|             0|             0|             0|        0.0|          0
default-update-timestamps-region:       |      0.00|  0.00%|             0|             0|             0|             0|        0.0|          0
default-update-timestamps-region:_local |      0.00|  0.00%|             0|             0|             0|             0|        0.0|          0
default-update-timestamps-region:_remote|      0.00|  0.00%|             0|             0|             0|             0|        0.0|          0
goya:cache:token:access_limited:        |      0.00|  0.00%|             0|             0|             0|             0|        0.0|          0
goya:cache:token:access_limited:_local  |      0.00|  0.00%|             0|             0|             0|             0|        0.0|          0
goya:cache:token:access_limited:_remote |      0.00|  0.00%|             0|             0|             0|             0|        0.0|          0
goya:cache:token:idempotent:            |      0.00|  0.00%|             0|             0|             0|             0|        0.0|          0
goya:cache:token:idempotent:_local      |      0.00|  0.00%|             0|             0|             0|             0|        0.0|          0
goya:cache:token:idempotent:_remote     |      0.00|  0.00%|             0|             0|             0|             0|        0.0|          0
goya:cache:token:secure_key:            |      0.00|  0.00%|             0|             0|             0|             0|        0.0|          0
goya:cache:token:secure_key:_local      |      0.00|  0.00%|             0|             0|             0|             0|        0.0|          0
goya:cache:token:secure_key:_remote     |      0.00|  0.00%|             0|             0|             0|             0|        0.0|          0
----------------------------------------+----------+-------+--------------+--------------+--------------+--------------+-----------+-----------

2025-06-18 15:15:00 [JetCacheDefaultExecutor] INFO  c.a.jetcache.support.StatInfoLogger - jetcache stat from 2025-06-18 15:00:00,042 to 2025-06-18 15:15:00,042
cache                                   |       qps|   rate|           get|           hit|          fail|        expire|avgLoadTime|maxLoadTime
----------------------------------------+----------+-------+--------------+--------------+--------------+--------------+-----------+-----------
default-query-results-region:           |      0.00|  0.00%|             0|             0|             0|             0|        0.0|          0
default-query-results-region:_local     |      0.00|  0.00%|             0|             0|             0|             0|        0.0|          0
default-query-results-region:_remote    |      0.00|  0.00%|             0|             0|             0|             0|        0.0|          0
default-update-timestamps-region:       |      0.00|  0.00%|             0|             0|             0|             0|        0.0|          0
default-update-timestamps-region:_local |      0.00|  0.00%|             0|             0|             0|             0|        0.0|          0
default-update-timestamps-region:_remote|      0.00|  0.00%|             0|             0|             0|             0|        0.0|          0
goya:cache:token:access_limited:        |      0.00|  0.00%|             0|             0|             0|             0|        0.0|          0
goya:cache:token:access_limited:_local  |      0.00|  0.00%|             0|             0|             0|             0|        0.0|          0
goya:cache:token:access_limited:_remote |      0.00|  0.00%|             0|             0|             0|             0|        0.0|          0
goya:cache:token:idempotent:            |      0.00|  0.00%|             0|             0|             0|             0|        0.0|          0
goya:cache:token:idempotent:_local      |      0.00|  0.00%|             0|             0|             0|             0|        0.0|          0
goya:cache:token:idempotent:_remote     |      0.00|  0.00%|             0|             0|             0|             0|        0.0|          0
goya:cache:token:secure_key:            |      0.00|  0.00%|             0|             0|             0|             0|        0.0|          0
goya:cache:token:secure_key:_local      |      0.00|  0.00%|             0|             0|             0|             0|        0.0|          0
goya:cache:token:secure_key:_remote     |      0.00|  0.00%|             0|             0|             0|             0|        0.0|          0
----------------------------------------+----------+-------+--------------+--------------+--------------+--------------+-----------+-----------

2025-06-18 15:30:00 [JetCacheDefaultExecutor] INFO  c.a.jetcache.support.StatInfoLogger - jetcache stat from 2025-06-18 15:15:00,042 to 2025-06-18 15:30:00,060
cache                                   |       qps|   rate|           get|           hit|          fail|        expire|avgLoadTime|maxLoadTime
----------------------------------------+----------+-------+--------------+--------------+--------------+--------------+-----------+-----------
default-query-results-region:           |      0.00|  0.00%|             0|             0|             0|             0|        0.0|          0
default-query-results-region:_local     |      0.00|  0.00%|             0|             0|             0|             0|        0.0|          0
default-query-results-region:_remote    |      0.00|  0.00%|             0|             0|             0|             0|        0.0|          0
default-update-timestamps-region:       |      0.00|  0.00%|             0|             0|             0|             0|        0.0|          0
default-update-timestamps-region:_local |      0.00|  0.00%|             0|             0|             0|             0|        0.0|          0
default-update-timestamps-region:_remote|      0.00|  0.00%|             0|             0|             0|             0|        0.0|          0
goya:cache:token:access_limited:        |      0.00|  0.00%|             0|             0|             0|             0|        0.0|          0
goya:cache:token:access_limited:_local  |      0.00|  0.00%|             0|             0|             0|             0|        0.0|          0
goya:cache:token:access_limited:_remote |      0.00|  0.00%|             0|             0|             0|             0|        0.0|          0
goya:cache:token:idempotent:            |      0.00|  0.00%|             0|             0|             0|             0|        0.0|          0
goya:cache:token:idempotent:_local      |      0.00|  0.00%|             0|             0|             0|             0|        0.0|          0
goya:cache:token:idempotent:_remote     |      0.00|  0.00%|             0|             0|             0|             0|        0.0|          0
goya:cache:token:secure_key:            |      0.00|  0.00%|             0|             0|             0|             0|        0.0|          0
goya:cache:token:secure_key:_local      |      0.00|  0.00%|             0|             0|             0|             0|        0.0|          0
goya:cache:token:secure_key:_remote     |      0.00|  0.00%|             0|             0|             0|             0|        0.0|          0
----------------------------------------+----------+-------+--------------+--------------+--------------+--------------+-----------+-----------

2025-06-18 15:45:00 [JetCacheDefaultExecutor] INFO  c.a.jetcache.support.StatInfoLogger - jetcache stat from 2025-06-18 15:30:00,060 to 2025-06-18 15:45:00,065
cache                                   |       qps|   rate|           get|           hit|          fail|        expire|avgLoadTime|maxLoadTime
----------------------------------------+----------+-------+--------------+--------------+--------------+--------------+-----------+-----------
default-query-results-region:           |      0.00|  0.00%|             0|             0|             0|             0|        0.0|          0
default-query-results-region:_local     |      0.00|  0.00%|             0|             0|             0|             0|        0.0|          0
default-query-results-region:_remote    |      0.00|  0.00%|             0|             0|             0|             0|        0.0|          0
default-update-timestamps-region:       |      0.00|  0.00%|             0|             0|             0|             0|        0.0|          0
default-update-timestamps-region:_local |      0.00|  0.00%|             0|             0|             0|             0|        0.0|          0
default-update-timestamps-region:_remote|      0.00|  0.00%|             0|             0|             0|             0|        0.0|          0
goya:cache:token:access_limited:        |      0.00|  0.00%|             0|             0|             0|             0|        0.0|          0
goya:cache:token:access_limited:_local  |      0.00|  0.00%|             0|             0|             0|             0|        0.0|          0
goya:cache:token:access_limited:_remote |      0.00|  0.00%|             0|             0|             0|             0|        0.0|          0
goya:cache:token:idempotent:            |      0.00|  0.00%|             0|             0|             0|             0|        0.0|          0
goya:cache:token:idempotent:_local      |      0.00|  0.00%|             0|             0|             0|             0|        0.0|          0
goya:cache:token:idempotent:_remote     |      0.00|  0.00%|             0|             0|             0|             0|        0.0|          0
goya:cache:token:secure_key:            |      0.00|  0.00%|             0|             0|             0|             0|        0.0|          0
goya:cache:token:secure_key:_local      |      0.00|  0.00%|             0|             0|             0|             0|        0.0|          0
goya:cache:token:secure_key:_remote     |      0.00|  0.00%|             0|             0|             0|             0|        0.0|          0
----------------------------------------+----------+-------+--------------+--------------+--------------+--------------+-----------+-----------

2025-06-18 16:00:00 [JetCacheDefaultExecutor] INFO  c.a.jetcache.support.StatInfoLogger - jetcache stat from 2025-06-18 15:45:00,065 to 2025-06-18 16:00:00,071
cache                                   |       qps|   rate|           get|           hit|          fail|        expire|avgLoadTime|maxLoadTime
----------------------------------------+----------+-------+--------------+--------------+--------------+--------------+-----------+-----------
default-query-results-region:           |      0.00|  0.00%|             0|             0|             0|             0|        0.0|          0
default-query-results-region:_local     |      0.00|  0.00%|             0|             0|             0|             0|        0.0|          0
default-query-results-region:_remote    |      0.00|  0.00%|             0|             0|             0|             0|        0.0|          0
default-update-timestamps-region:       |      0.00|  0.00%|             0|             0|             0|             0|        0.0|          0
default-update-timestamps-region:_local |      0.00|  0.00%|             0|             0|             0|             0|        0.0|          0
default-update-timestamps-region:_remote|      0.00|  0.00%|             0|             0|             0|             0|        0.0|          0
goya:cache:token:access_limited:        |      0.00|  0.00%|             0|             0|             0|             0|        0.0|          0
goya:cache:token:access_limited:_local  |      0.00|  0.00%|             0|             0|             0|             0|        0.0|          0
goya:cache:token:access_limited:_remote |      0.00|  0.00%|             0|             0|             0|             0|        0.0|          0
goya:cache:token:idempotent:            |      0.00|  0.00%|             0|             0|             0|             0|        0.0|          0
goya:cache:token:idempotent:_local      |      0.00|  0.00%|             0|             0|             0|             0|        0.0|          0
goya:cache:token:idempotent:_remote     |      0.00|  0.00%|             0|             0|             0|             0|        0.0|          0
goya:cache:token:secure_key:            |      0.00|  0.00%|             0|             0|             0|             0|        0.0|          0
goya:cache:token:secure_key:_local      |      0.00|  0.00%|             0|             0|             0|             0|        0.0|          0
goya:cache:token:secure_key:_remote     |      0.00|  0.00%|             0|             0|             0|             0|        0.0|          0
----------------------------------------+----------+-------+--------------+--------------+--------------+--------------+-----------+-----------

2025-06-18 16:15:00 [JetCacheDefaultExecutor] INFO  c.a.jetcache.support.StatInfoLogger - jetcache stat from 2025-06-18 16:00:00,071 to 2025-06-18 16:15:00,076
cache                                   |       qps|   rate|           get|           hit|          fail|        expire|avgLoadTime|maxLoadTime
----------------------------------------+----------+-------+--------------+--------------+--------------+--------------+-----------+-----------
default-query-results-region:           |      0.00|  0.00%|             0|             0|             0|             0|        0.0|          0
default-query-results-region:_local     |      0.00|  0.00%|             0|             0|             0|             0|        0.0|          0
default-query-results-region:_remote    |      0.00|  0.00%|             0|             0|             0|             0|        0.0|          0
default-update-timestamps-region:       |      0.00|  0.00%|             0|             0|             0|             0|        0.0|          0
default-update-timestamps-region:_local |      0.00|  0.00%|             0|             0|             0|             0|        0.0|          0
default-update-timestamps-region:_remote|      0.00|  0.00%|             0|             0|             0|             0|        0.0|          0
goya:cache:token:access_limited:        |      0.00|  0.00%|             0|             0|             0|             0|        0.0|          0
goya:cache:token:access_limited:_local  |      0.00|  0.00%|             0|             0|             0|             0|        0.0|          0
goya:cache:token:access_limited:_remote |      0.00|  0.00%|             0|             0|             0|             0|        0.0|          0
goya:cache:token:idempotent:            |      0.00|  0.00%|             0|             0|             0|             0|        0.0|          0
goya:cache:token:idempotent:_local      |      0.00|  0.00%|             0|             0|             0|             0|        0.0|          0
goya:cache:token:idempotent:_remote     |      0.00|  0.00%|             0|             0|             0|             0|        0.0|          0
goya:cache:token:secure_key:            |      0.00|  0.00%|             0|             0|             0|             0|        0.0|          0
goya:cache:token:secure_key:_local      |      0.00|  0.00%|             0|             0|             0|             0|        0.0|          0
goya:cache:token:secure_key:_remote     |      0.00|  0.00%|             0|             0|             0|             0|        0.0|          0
----------------------------------------+----------+-------+--------------+--------------+--------------+--------------+-----------+-----------

2025-06-18 16:30:00 [JetCacheDefaultExecutor] INFO  c.a.jetcache.support.StatInfoLogger - jetcache stat from 2025-06-18 16:15:00,076 to 2025-06-18 16:30:00,041
cache                                   |       qps|   rate|           get|           hit|          fail|        expire|avgLoadTime|maxLoadTime
----------------------------------------+----------+-------+--------------+--------------+--------------+--------------+-----------+-----------
default-query-results-region:           |      0.00|  0.00%|             0|             0|             0|             0|        0.0|          0
default-query-results-region:_local     |      0.00|  0.00%|             0|             0|             0|             0|        0.0|          0
default-query-results-region:_remote    |      0.00|  0.00%|             0|             0|             0|             0|        0.0|          0
default-update-timestamps-region:       |      0.00|  0.00%|             0|             0|             0|             0|        0.0|          0
default-update-timestamps-region:_local |      0.00|  0.00%|             0|             0|             0|             0|        0.0|          0
default-update-timestamps-region:_remote|      0.00|  0.00%|             0|             0|             0|             0|        0.0|          0
goya:cache:token:access_limited:        |      0.00|  0.00%|             0|             0|             0|             0|        0.0|          0
goya:cache:token:access_limited:_local  |      0.00|  0.00%|             0|             0|             0|             0|        0.0|          0
goya:cache:token:access_limited:_remote |      0.00|  0.00%|             0|             0|             0|             0|        0.0|          0
goya:cache:token:idempotent:            |      0.00|  0.00%|             0|             0|             0|             0|        0.0|          0
goya:cache:token:idempotent:_local      |      0.00|  0.00%|             0|             0|             0|             0|        0.0|          0
goya:cache:token:idempotent:_remote     |      0.00|  0.00%|             0|             0|             0|             0|        0.0|          0
goya:cache:token:secure_key:            |      0.00|  0.00%|             0|             0|             0|             0|        0.0|          0
goya:cache:token:secure_key:_local      |      0.00|  0.00%|             0|             0|             0|             0|        0.0|          0
goya:cache:token:secure_key:_remote     |      0.00|  0.00%|             0|             0|             0|             0|        0.0|          0
----------------------------------------+----------+-------+--------------+--------------+--------------+--------------+-----------+-----------

2025-06-18 16:45:00 [JetCacheDefaultExecutor] INFO  c.a.jetcache.support.StatInfoLogger - jetcache stat from 2025-06-18 16:30:00,041 to 2025-06-18 16:45:00,011
cache                                   |       qps|   rate|           get|           hit|          fail|        expire|avgLoadTime|maxLoadTime
----------------------------------------+----------+-------+--------------+--------------+--------------+--------------+-----------+-----------
default-query-results-region:           |      0.00|  0.00%|             0|             0|             0|             0|        0.0|          0
default-query-results-region:_local     |      0.00|  0.00%|             0|             0|             0|             0|        0.0|          0
default-query-results-region:_remote    |      0.00|  0.00%|             0|             0|             0|             0|        0.0|          0
default-update-timestamps-region:       |      0.00|  0.00%|             0|             0|             0|             0|        0.0|          0
default-update-timestamps-region:_local |      0.00|  0.00%|             0|             0|             0|             0|        0.0|          0
default-update-timestamps-region:_remote|      0.00|  0.00%|             0|             0|             0|             0|        0.0|          0
goya:cache:token:access_limited:        |      0.00|  0.00%|             0|             0|             0|             0|        0.0|          0
goya:cache:token:access_limited:_local  |      0.00|  0.00%|             0|             0|             0|             0|        0.0|          0
goya:cache:token:access_limited:_remote |      0.00|  0.00%|             0|             0|             0|             0|        0.0|          0
goya:cache:token:idempotent:            |      0.00|  0.00%|             0|             0|             0|             0|        0.0|          0
goya:cache:token:idempotent:_local      |      0.00|  0.00%|             0|             0|             0|             0|        0.0|          0
goya:cache:token:idempotent:_remote     |      0.00|  0.00%|             0|             0|             0|             0|        0.0|          0
goya:cache:token:secure_key:            |      0.00|  0.00%|             0|             0|             0|             0|        0.0|          0
goya:cache:token:secure_key:_local      |      0.00|  0.00%|             0|             0|             0|             0|        0.0|          0
goya:cache:token:secure_key:_remote     |      0.00|  0.00%|             0|             0|             0|             0|        0.0|          0
----------------------------------------+----------+-------+--------------+--------------+--------------+--------------+-----------+-----------

2025-06-18 16:46:25 [SpringApplicationShutdownHook] INFO  o.s.b.w.e.undertow.UndertowWebServer - Commencing graceful shutdown. Waiting for active requests to complete
2025-06-18 16:46:25 [SpringApplicationShutdownHook] INFO  o.s.b.w.e.undertow.UndertowWebServer - Graceful shutdown complete
2025-06-18 16:46:25 [SpringApplicationShutdownHook] INFO  io.undertow - stopping server: Undertow - 2.3.18.Final
2025-06-18 16:46:25 [SpringApplicationShutdownHook] INFO  io.undertow.servlet - Destroying Spring FrameworkServlet 'dispatcherServlet'
2025-06-18 16:46:25 [SpringApplicationShutdownHook] INFO  o.s.o.j.LocalContainerEntityManagerFactoryBean - Closing JPA EntityManagerFactory for persistence unit 'default'
2025-06-18 16:46:25 [SpringApplicationShutdownHook] INFO  c.a.j.support.DefaultMetricsManager - cache stat canceled
2025-06-18 16:46:25 [SpringApplicationShutdownHook] INFO  com.zaxxer.hikari.HikariDataSource - Hikari - Shutdown initiated...
2025-06-18 16:46:25 [SpringApplicationShutdownHook] INFO  com.zaxxer.hikari.HikariDataSource - Hikari - Shutdown completed.
