2025-06-17 10:03:16 [background-preinit] INFO  o.h.validator.internal.util.Version - HV000001: Hibernate Validator 8.0.2.Final
2025-06-17 10:03:17 [main] INFO  o.s.d.r.c.RepositoryConfigurationDelegate - Multiple Spring Data modules found, entering strict repository configuration mode
2025-06-17 10:03:17 [main] INFO  o.s.d.r.c.RepositoryConfigurationDelegate - Bootstrapping Spring Data JPA repositories in DEFAULT mode.
2025-06-17 10:03:17 [main] INFO  o.s.d.r.c.RepositoryConfigurationDelegate - Finished Spring Data repository scanning in 121 ms. Found 1 JPA repository interface.
2025-06-17 10:03:18 [main] INFO  io.undertow.servlet - Initializing Spring embedded WebApplicationContext
2025-06-17 10:03:18 [main] INFO  o.s.b.w.s.c.ServletWebServerApplicationContext - Root WebApplicationContext: initialization completed in 993 ms
2025-06-17 10:03:18 [main] INFO  o.h.jpa.internal.util.LogHelper - HHH000204: Processing PersistenceUnitInfo [name: default]
2025-06-17 10:03:18 [main] INFO  org.hibernate.Version - HHH000412: Hibernate ORM core version 6.6.15.Final
2025-06-17 10:03:18 [main] INFO  o.h.c.i.RegionFactoryInitiator - HHH000025: Second-level cache region factory [com.ysmjjsy.goya.component.db.cache.GoyaRegionFactory]
2025-06-17 10:03:18 [main] INFO  o.h.e.b.internal.EnversServiceImpl - Envers integration enabled? : true
2025-06-17 10:03:18 [main] INFO  o.s.o.j.p.SpringPersistenceUnitInfo - No LoadTimeWeaver setup: ignoring JPA class transformer
2025-06-17 10:03:18 [main] INFO  com.zaxxer.hikari.HikariDataSource - Hikari - Starting...
2025-06-17 10:03:18 [main] INFO  com.zaxxer.hikari.pool.HikariPool - Hikari - Added connection com.p6spy.engine.wrapper.ConnectionWrapper@64b20d9c
2025-06-17 10:03:18 [main] INFO  com.zaxxer.hikari.HikariDataSource - Hikari - Start completed.
2025-06-17 10:03:18 [main] INFO  o.hibernate.orm.connections.pooling - HHH10001005: Database info:
	Database JDBC URL [Connecting through datasource 'HikariDataSource (Hikari)']
	Database driver: undefined/unknown
	Database version: 9.2
	Autocommit mode: undefined/unknown
	Isolation level: undefined/unknown
	Minimum pool size: undefined/unknown
	Maximum pool size: undefined/unknown
2025-06-17 10:03:18 [main] INFO  c.a.j.a.AbstractCacheAutoInit - init cache area default , type= caffeine
2025-06-17 10:03:18 [main] INFO  c.a.j.a.AbstractCacheAutoInit - init cache area default , type= redis.lettuce
2025-06-17 10:03:19 [main] INFO  c.a.j.support.DefaultMetricsManager - cache stat period at 15 MINUTES
2025-06-17 10:03:20 [main] INFO  o.h.e.t.j.p.i.JtaPlatformInitiator - HHH000489: No JTA platform available (set 'hibernate.transaction.jta.platform' to enable JTA platform integration)
2025-06-17 10:03:20 [main] INFO  o.s.o.j.LocalContainerEntityManagerFactoryBean - Initialized JPA EntityManagerFactory for persistence unit 'default'
2025-06-17 10:03:20 [main] INFO  io.undertow - starting server: Undertow - 2.3.18.Final
2025-06-17 10:03:20 [main] INFO  org.xnio - XNIO version 3.8.16.Final
2025-06-17 10:03:20 [main] INFO  org.xnio.nio - XNIO NIO Implementation Version 3.8.16.Final
2025-06-17 10:03:20 [main] INFO  org.jboss.threads - JBoss Threads version 3.5.0.Final
2025-06-17 10:03:20 [main] INFO  o.s.b.w.e.undertow.UndertowWebServer - Undertow started on port 8082 (http) with context path '/'
2025-06-17 10:03:20 [main] INFO  c.y.g.c.w.s.DefaultRequestMappingScanEventManager - 扫描到的RequestMapping:[RequestMapping{mappingId=e12fb8e3e4e8eb7595cf5d9a00a19ec3, mappingCode=get:test:test, requestMethod=GET, serviceId=test-service, className=com.ysmjjsy.goya.test.service.controller.TestController, methodName=test, url=/test/test, description=test}, RequestMapping{mappingId=8263cfc39ce7bea5b3e5ce42f700132e, mappingCode=get:test:test22, requestMethod=GET, serviceId=test-service, className=com.ysmjjsy.goya.test.service.controller.TestController, methodName=test22, url=/test/test22, description=test22}, RequestMapping{mappingId=c0d0e3b30fd325488b42a21a674c337f, mappingCode=get:test:test21, requestMethod=GET, serviceId=test-service, className=com.ysmjjsy.goya.test.service.controller.TestController, methodName=test21, url=/test/test21, description=test21}, RequestMapping{mappingId=07bc2238bc17812b34f96f56d538fe37, mappingCode=get:test:test2, requestMethod=GET, serviceId=test-service, className=com.ysmjjsy.goya.test.service.controller.TestController, methodName=test2, url=/test/test2, description=test2}, RequestMapping{mappingId=f0edb1730b8722974b706f47e45dede9, mappingCode=get:test:test1, requestMethod=GET, serviceId=test-service, className=com.ysmjjsy.goya.test.service.controller.TestController, methodName=test1, url=/test/test1, description=test1}, RequestMapping{mappingId=e335f247767c23b43167e83e45b23585, mappingCode=get:test:test33, requestMethod=GET, serviceId=test-service, className=com.ysmjjsy.goya.test.service.controller.TestController, methodName=test33, url=/test/test33, description=test33}]
2025-06-17 10:03:21 [main] INFO  c.y.g.c.w.s.AbstractRequestMappingScanner - [Goya] |- Request Mapping Scan for Service: [test-service] FINISHED!
2025-06-17 10:03:53 [XNIO-1 task-2] INFO  io.undertow.servlet - Initializing Spring DispatcherServlet 'dispatcherServlet'
2025-06-17 10:03:53 [XNIO-1 task-2] INFO  o.s.web.servlet.DispatcherServlet - Initializing Servlet 'dispatcherServlet'
2025-06-17 10:03:53 [XNIO-1 task-2] INFO  o.s.web.servlet.DispatcherServlet - Completed initialization in 78 ms
2025-06-17 10:03:53 [XNIO-1 task-2] INFO  org.owasp.validator.html.Policy - Attempting to load AntiSamy policy from URL: file:/Users/goya/Repo/goya/goya/component/component-common/target/classes/antisamy/antisamy-anythinggoes.xml
2025-06-17 10:05:23 [SpringApplicationShutdownHook] INFO  o.s.b.w.e.undertow.UndertowWebServer - Commencing graceful shutdown. Waiting for active requests to complete
2025-06-17 10:05:23 [SpringApplicationShutdownHook] INFO  o.s.b.w.e.undertow.UndertowWebServer - Graceful shutdown complete
2025-06-17 10:05:23 [SpringApplicationShutdownHook] INFO  io.undertow - stopping server: Undertow - 2.3.18.Final
2025-06-17 10:05:23 [SpringApplicationShutdownHook] INFO  io.undertow.servlet - Destroying Spring FrameworkServlet 'dispatcherServlet'
2025-06-17 10:05:23 [SpringApplicationShutdownHook] INFO  o.s.o.j.LocalContainerEntityManagerFactoryBean - Closing JPA EntityManagerFactory for persistence unit 'default'
2025-06-17 10:05:23 [SpringApplicationShutdownHook] INFO  c.a.j.support.DefaultMetricsManager - cache stat canceled
2025-06-17 10:05:23 [SpringApplicationShutdownHook] INFO  com.zaxxer.hikari.HikariDataSource - Hikari - Shutdown initiated...
2025-06-17 10:05:23 [SpringApplicationShutdownHook] INFO  com.zaxxer.hikari.HikariDataSource - Hikari - Shutdown completed.
2025-06-17 10:05:25 [background-preinit] INFO  o.h.validator.internal.util.Version - HV000001: Hibernate Validator 8.0.2.Final
2025-06-17 10:05:26 [main] INFO  o.s.d.r.c.RepositoryConfigurationDelegate - Multiple Spring Data modules found, entering strict repository configuration mode
2025-06-17 10:05:26 [main] INFO  o.s.d.r.c.RepositoryConfigurationDelegate - Bootstrapping Spring Data JPA repositories in DEFAULT mode.
2025-06-17 10:05:26 [main] INFO  o.s.d.r.c.RepositoryConfigurationDelegate - Finished Spring Data repository scanning in 105 ms. Found 1 JPA repository interface.
2025-06-17 10:05:26 [main] INFO  io.undertow.servlet - Initializing Spring embedded WebApplicationContext
2025-06-17 10:05:26 [main] INFO  o.s.b.w.s.c.ServletWebServerApplicationContext - Root WebApplicationContext: initialization completed in 959 ms
2025-06-17 10:05:26 [main] INFO  o.h.jpa.internal.util.LogHelper - HHH000204: Processing PersistenceUnitInfo [name: default]
2025-06-17 10:05:26 [main] INFO  org.hibernate.Version - HHH000412: Hibernate ORM core version 6.6.15.Final
2025-06-17 10:05:26 [main] INFO  o.h.c.i.RegionFactoryInitiator - HHH000025: Second-level cache region factory [com.ysmjjsy.goya.component.db.cache.GoyaRegionFactory]
2025-06-17 10:05:26 [main] INFO  o.h.e.b.internal.EnversServiceImpl - Envers integration enabled? : true
2025-06-17 10:05:27 [main] INFO  o.s.o.j.p.SpringPersistenceUnitInfo - No LoadTimeWeaver setup: ignoring JPA class transformer
2025-06-17 10:05:27 [main] INFO  com.zaxxer.hikari.HikariDataSource - Hikari - Starting...
2025-06-17 10:05:27 [main] INFO  com.zaxxer.hikari.pool.HikariPool - Hikari - Added connection com.p6spy.engine.wrapper.ConnectionWrapper@237b54bc
2025-06-17 10:05:27 [main] INFO  com.zaxxer.hikari.HikariDataSource - Hikari - Start completed.
2025-06-17 10:05:27 [main] INFO  o.hibernate.orm.connections.pooling - HHH10001005: Database info:
	Database JDBC URL [Connecting through datasource 'HikariDataSource (Hikari)']
	Database driver: undefined/unknown
	Database version: 9.2
	Autocommit mode: undefined/unknown
	Isolation level: undefined/unknown
	Minimum pool size: undefined/unknown
	Maximum pool size: undefined/unknown
2025-06-17 10:05:27 [main] INFO  c.a.j.a.AbstractCacheAutoInit - init cache area default , type= caffeine
2025-06-17 10:05:27 [main] INFO  c.a.j.a.AbstractCacheAutoInit - init cache area default , type= redis.lettuce
2025-06-17 10:05:28 [main] INFO  c.a.j.support.DefaultMetricsManager - cache stat period at 15 MINUTES
2025-06-17 10:05:28 [main] INFO  o.h.e.t.j.p.i.JtaPlatformInitiator - HHH000489: No JTA platform available (set 'hibernate.transaction.jta.platform' to enable JTA platform integration)
2025-06-17 10:05:28 [main] INFO  o.s.o.j.LocalContainerEntityManagerFactoryBean - Initialized JPA EntityManagerFactory for persistence unit 'default'
2025-06-17 10:05:29 [main] INFO  io.undertow - starting server: Undertow - 2.3.18.Final
2025-06-17 10:05:29 [main] INFO  org.xnio - XNIO version 3.8.16.Final
2025-06-17 10:05:29 [main] INFO  org.xnio.nio - XNIO NIO Implementation Version 3.8.16.Final
2025-06-17 10:05:29 [main] INFO  org.jboss.threads - JBoss Threads version 3.5.0.Final
2025-06-17 10:05:29 [main] INFO  o.s.b.w.e.undertow.UndertowWebServer - Undertow started on port 8082 (http) with context path '/'
2025-06-17 10:05:29 [main] INFO  c.y.g.c.w.s.DefaultRequestMappingScanEventManager - 扫描到的RequestMapping:[RequestMapping{mappingId=e12fb8e3e4e8eb7595cf5d9a00a19ec3, mappingCode=get:test:test, requestMethod=GET, serviceId=test-service, className=com.ysmjjsy.goya.test.service.controller.TestController, methodName=test, url=/test/test, description=test}, RequestMapping{mappingId=c0d0e3b30fd325488b42a21a674c337f, mappingCode=get:test:test21, requestMethod=GET, serviceId=test-service, className=com.ysmjjsy.goya.test.service.controller.TestController, methodName=test21, url=/test/test21, description=test21}, RequestMapping{mappingId=8263cfc39ce7bea5b3e5ce42f700132e, mappingCode=get:test:test22, requestMethod=GET, serviceId=test-service, className=com.ysmjjsy.goya.test.service.controller.TestController, methodName=test22, url=/test/test22, description=test22}, RequestMapping{mappingId=e335f247767c23b43167e83e45b23585, mappingCode=get:test:test33, requestMethod=GET, serviceId=test-service, className=com.ysmjjsy.goya.test.service.controller.TestController, methodName=test33, url=/test/test33, description=test33}, RequestMapping{mappingId=f0edb1730b8722974b706f47e45dede9, mappingCode=get:test:test1, requestMethod=GET, serviceId=test-service, className=com.ysmjjsy.goya.test.service.controller.TestController, methodName=test1, url=/test/test1, description=test1}, RequestMapping{mappingId=07bc2238bc17812b34f96f56d538fe37, mappingCode=get:test:test2, requestMethod=GET, serviceId=test-service, className=com.ysmjjsy.goya.test.service.controller.TestController, methodName=test2, url=/test/test2, description=test2}]
2025-06-17 10:05:29 [main] INFO  c.y.g.c.w.s.AbstractRequestMappingScanner - [Goya] |- Request Mapping Scan for Service: [test-service] FINISHED!
2025-06-17 10:05:36 [XNIO-1 task-2] INFO  io.undertow.servlet - Initializing Spring DispatcherServlet 'dispatcherServlet'
2025-06-17 10:05:36 [XNIO-1 task-2] INFO  o.s.web.servlet.DispatcherServlet - Initializing Servlet 'dispatcherServlet'
2025-06-17 10:05:36 [XNIO-1 task-2] INFO  o.s.web.servlet.DispatcherServlet - Completed initialization in 68 ms
2025-06-17 10:05:36 [XNIO-1 task-2] INFO  org.owasp.validator.html.Policy - Attempting to load AntiSamy policy from URL: file:/Users/goya/Repo/goya/goya/component/component-common/target/classes/antisamy/antisamy-anythinggoes.xml
2025-06-17 10:06:34 [SpringApplicationShutdownHook] INFO  o.s.b.w.e.undertow.UndertowWebServer - Commencing graceful shutdown. Waiting for active requests to complete
2025-06-17 10:06:34 [SpringApplicationShutdownHook] INFO  o.s.b.w.e.undertow.UndertowWebServer - Graceful shutdown complete
2025-06-17 10:06:34 [SpringApplicationShutdownHook] INFO  io.undertow - stopping server: Undertow - 2.3.18.Final
2025-06-17 10:06:34 [SpringApplicationShutdownHook] INFO  io.undertow.servlet - Destroying Spring FrameworkServlet 'dispatcherServlet'
2025-06-17 10:06:34 [SpringApplicationShutdownHook] INFO  o.s.o.j.LocalContainerEntityManagerFactoryBean - Closing JPA EntityManagerFactory for persistence unit 'default'
2025-06-17 10:06:34 [SpringApplicationShutdownHook] INFO  c.a.j.support.DefaultMetricsManager - cache stat canceled
2025-06-17 10:06:34 [SpringApplicationShutdownHook] INFO  com.zaxxer.hikari.HikariDataSource - Hikari - Shutdown initiated...
2025-06-17 10:06:34 [SpringApplicationShutdownHook] INFO  com.zaxxer.hikari.HikariDataSource - Hikari - Shutdown completed.
2025-06-17 10:06:36 [background-preinit] INFO  o.h.validator.internal.util.Version - HV000001: Hibernate Validator 8.0.2.Final
2025-06-17 10:06:36 [main] INFO  o.s.d.r.c.RepositoryConfigurationDelegate - Multiple Spring Data modules found, entering strict repository configuration mode
2025-06-17 10:06:36 [main] INFO  o.s.d.r.c.RepositoryConfigurationDelegate - Bootstrapping Spring Data JPA repositories in DEFAULT mode.
2025-06-17 10:06:36 [main] INFO  o.s.d.r.c.RepositoryConfigurationDelegate - Finished Spring Data repository scanning in 102 ms. Found 1 JPA repository interface.
2025-06-17 10:06:37 [main] INFO  io.undertow.servlet - Initializing Spring embedded WebApplicationContext
2025-06-17 10:06:37 [main] INFO  o.s.b.w.s.c.ServletWebServerApplicationContext - Root WebApplicationContext: initialization completed in 945 ms
2025-06-17 10:06:37 [main] INFO  o.h.jpa.internal.util.LogHelper - HHH000204: Processing PersistenceUnitInfo [name: default]
2025-06-17 10:06:37 [main] INFO  org.hibernate.Version - HHH000412: Hibernate ORM core version 6.6.15.Final
2025-06-17 10:06:37 [main] INFO  o.h.c.i.RegionFactoryInitiator - HHH000025: Second-level cache region factory [com.ysmjjsy.goya.component.db.cache.GoyaRegionFactory]
2025-06-17 10:06:37 [main] INFO  o.h.e.b.internal.EnversServiceImpl - Envers integration enabled? : true
2025-06-17 10:06:37 [main] INFO  o.s.o.j.p.SpringPersistenceUnitInfo - No LoadTimeWeaver setup: ignoring JPA class transformer
2025-06-17 10:06:37 [main] INFO  com.zaxxer.hikari.HikariDataSource - Hikari - Starting...
2025-06-17 10:06:37 [main] INFO  com.zaxxer.hikari.pool.HikariPool - Hikari - Added connection com.p6spy.engine.wrapper.ConnectionWrapper@1390a43a
2025-06-17 10:06:37 [main] INFO  com.zaxxer.hikari.HikariDataSource - Hikari - Start completed.
2025-06-17 10:06:38 [main] INFO  o.hibernate.orm.connections.pooling - HHH10001005: Database info:
	Database JDBC URL [Connecting through datasource 'HikariDataSource (Hikari)']
	Database driver: undefined/unknown
	Database version: 9.2
	Autocommit mode: undefined/unknown
	Isolation level: undefined/unknown
	Minimum pool size: undefined/unknown
	Maximum pool size: undefined/unknown
2025-06-17 10:06:38 [main] INFO  c.a.j.a.AbstractCacheAutoInit - init cache area default , type= caffeine
2025-06-17 10:06:38 [main] INFO  c.a.j.a.AbstractCacheAutoInit - init cache area default , type= redis.lettuce
2025-06-17 10:06:38 [main] INFO  c.a.j.support.DefaultMetricsManager - cache stat period at 15 MINUTES
2025-06-17 10:06:39 [main] INFO  o.h.e.t.j.p.i.JtaPlatformInitiator - HHH000489: No JTA platform available (set 'hibernate.transaction.jta.platform' to enable JTA platform integration)
2025-06-17 10:06:39 [main] INFO  o.s.o.j.LocalContainerEntityManagerFactoryBean - Initialized JPA EntityManagerFactory for persistence unit 'default'
2025-06-17 10:06:39 [main] INFO  io.undertow - starting server: Undertow - 2.3.18.Final
2025-06-17 10:06:39 [main] INFO  org.xnio - XNIO version 3.8.16.Final
2025-06-17 10:06:39 [main] INFO  org.xnio.nio - XNIO NIO Implementation Version 3.8.16.Final
2025-06-17 10:06:39 [main] INFO  org.jboss.threads - JBoss Threads version 3.5.0.Final
2025-06-17 10:06:39 [main] INFO  o.s.b.w.e.undertow.UndertowWebServer - Undertow started on port 8082 (http) with context path '/'
2025-06-17 10:06:39 [main] INFO  c.y.g.c.w.s.DefaultRequestMappingScanEventManager - 扫描到的RequestMapping:[RequestMapping{mappingId=07bc2238bc17812b34f96f56d538fe37, mappingCode=get:test:test2, requestMethod=GET, serviceId=test-service, className=com.ysmjjsy.goya.test.service.controller.TestController, methodName=test2, url=/test/test2, description=test2}, RequestMapping{mappingId=e12fb8e3e4e8eb7595cf5d9a00a19ec3, mappingCode=get:test:test, requestMethod=GET, serviceId=test-service, className=com.ysmjjsy.goya.test.service.controller.TestController, methodName=test, url=/test/test, description=test}, RequestMapping{mappingId=c0d0e3b30fd325488b42a21a674c337f, mappingCode=get:test:test21, requestMethod=GET, serviceId=test-service, className=com.ysmjjsy.goya.test.service.controller.TestController, methodName=test21, url=/test/test21, description=test21}, RequestMapping{mappingId=8263cfc39ce7bea5b3e5ce42f700132e, mappingCode=get:test:test22, requestMethod=GET, serviceId=test-service, className=com.ysmjjsy.goya.test.service.controller.TestController, methodName=test22, url=/test/test22, description=test22}, RequestMapping{mappingId=f0edb1730b8722974b706f47e45dede9, mappingCode=get:test:test1, requestMethod=GET, serviceId=test-service, className=com.ysmjjsy.goya.test.service.controller.TestController, methodName=test1, url=/test/test1, description=test1}, RequestMapping{mappingId=e335f247767c23b43167e83e45b23585, mappingCode=get:test:test33, requestMethod=GET, serviceId=test-service, className=com.ysmjjsy.goya.test.service.controller.TestController, methodName=test33, url=/test/test33, description=test33}]
2025-06-17 10:06:40 [main] INFO  c.y.g.c.w.s.AbstractRequestMappingScanner - [Goya] |- Request Mapping Scan for Service: [test-service] FINISHED!
2025-06-17 10:06:44 [XNIO-1 task-2] INFO  io.undertow.servlet - Initializing Spring DispatcherServlet 'dispatcherServlet'
2025-06-17 10:06:44 [XNIO-1 task-2] INFO  o.s.web.servlet.DispatcherServlet - Initializing Servlet 'dispatcherServlet'
2025-06-17 10:06:44 [XNIO-1 task-2] INFO  o.s.web.servlet.DispatcherServlet - Completed initialization in 74 ms
2025-06-17 10:08:42 [SpringApplicationShutdownHook] INFO  o.s.b.w.e.undertow.UndertowWebServer - Commencing graceful shutdown. Waiting for active requests to complete
2025-06-17 10:08:42 [SpringApplicationShutdownHook] INFO  o.s.b.w.e.undertow.UndertowWebServer - Graceful shutdown complete
2025-06-17 10:08:42 [SpringApplicationShutdownHook] INFO  io.undertow - stopping server: Undertow - 2.3.18.Final
2025-06-17 10:08:42 [SpringApplicationShutdownHook] INFO  io.undertow.servlet - Destroying Spring FrameworkServlet 'dispatcherServlet'
2025-06-17 10:08:42 [SpringApplicationShutdownHook] INFO  o.s.o.j.LocalContainerEntityManagerFactoryBean - Closing JPA EntityManagerFactory for persistence unit 'default'
2025-06-17 10:08:42 [SpringApplicationShutdownHook] INFO  c.a.j.support.DefaultMetricsManager - cache stat canceled
2025-06-17 10:08:42 [SpringApplicationShutdownHook] INFO  com.zaxxer.hikari.HikariDataSource - Hikari - Shutdown initiated...
2025-06-17 10:08:42 [SpringApplicationShutdownHook] INFO  com.zaxxer.hikari.HikariDataSource - Hikari - Shutdown completed.
2025-06-17 10:37:58 [background-preinit] INFO  o.h.validator.internal.util.Version - HV000001: Hibernate Validator 8.0.2.Final
2025-06-17 10:37:59 [main] INFO  o.s.d.r.c.RepositoryConfigurationDelegate - Multiple Spring Data modules found, entering strict repository configuration mode
2025-06-17 10:37:59 [main] INFO  o.s.d.r.c.RepositoryConfigurationDelegate - Bootstrapping Spring Data JPA repositories in DEFAULT mode.
2025-06-17 10:37:59 [main] INFO  o.s.d.r.c.RepositoryConfigurationDelegate - Finished Spring Data repository scanning in 110 ms. Found 1 JPA repository interface.
2025-06-17 10:37:59 [main] INFO  io.undertow.servlet - Initializing Spring embedded WebApplicationContext
2025-06-17 10:37:59 [main] INFO  o.s.b.w.s.c.ServletWebServerApplicationContext - Root WebApplicationContext: initialization completed in 978 ms
2025-06-17 10:37:59 [main] INFO  o.h.jpa.internal.util.LogHelper - HHH000204: Processing PersistenceUnitInfo [name: default]
2025-06-17 10:37:59 [main] INFO  org.hibernate.Version - HHH000412: Hibernate ORM core version 6.6.15.Final
2025-06-17 10:37:59 [main] INFO  o.h.c.i.RegionFactoryInitiator - HHH000025: Second-level cache region factory [com.ysmjjsy.goya.component.db.cache.GoyaRegionFactory]
2025-06-17 10:37:59 [main] INFO  o.h.e.b.internal.EnversServiceImpl - Envers integration enabled? : true
2025-06-17 10:38:00 [main] INFO  o.s.o.j.p.SpringPersistenceUnitInfo - No LoadTimeWeaver setup: ignoring JPA class transformer
2025-06-17 10:38:00 [main] INFO  com.zaxxer.hikari.HikariDataSource - Hikari - Starting...
2025-06-17 10:38:00 [main] INFO  com.zaxxer.hikari.pool.HikariPool - Hikari - Added connection com.p6spy.engine.wrapper.ConnectionWrapper@77e261e3
2025-06-17 10:38:00 [main] INFO  com.zaxxer.hikari.HikariDataSource - Hikari - Start completed.
2025-06-17 10:38:00 [main] INFO  o.hibernate.orm.connections.pooling - HHH10001005: Database info:
	Database JDBC URL [Connecting through datasource 'HikariDataSource (Hikari)']
	Database driver: undefined/unknown
	Database version: 9.2
	Autocommit mode: undefined/unknown
	Isolation level: undefined/unknown
	Minimum pool size: undefined/unknown
	Maximum pool size: undefined/unknown
2025-06-17 10:38:00 [main] INFO  c.a.j.a.AbstractCacheAutoInit - init cache area default , type= caffeine
2025-06-17 10:38:00 [main] INFO  c.a.j.a.AbstractCacheAutoInit - init cache area default , type= redis.lettuce
2025-06-17 10:38:01 [main] INFO  c.a.j.support.DefaultMetricsManager - cache stat period at 15 MINUTES
2025-06-17 10:38:01 [main] INFO  o.h.e.t.j.p.i.JtaPlatformInitiator - HHH000489: No JTA platform available (set 'hibernate.transaction.jta.platform' to enable JTA platform integration)
2025-06-17 10:38:02 [main] INFO  o.s.o.j.LocalContainerEntityManagerFactoryBean - Initialized JPA EntityManagerFactory for persistence unit 'default'
2025-06-17 10:38:02 [main] INFO  io.undertow - starting server: Undertow - 2.3.18.Final
2025-06-17 10:38:02 [main] INFO  org.xnio - XNIO version 3.8.16.Final
2025-06-17 10:38:02 [main] INFO  org.xnio.nio - XNIO NIO Implementation Version 3.8.16.Final
2025-06-17 10:38:02 [main] INFO  org.jboss.threads - JBoss Threads version 3.5.0.Final
2025-06-17 10:38:02 [main] INFO  o.s.b.w.e.undertow.UndertowWebServer - Undertow started on port 8082 (http) with context path '/'
2025-06-17 10:38:02 [main] INFO  c.y.g.c.w.s.DefaultRequestMappingScanEventManager - 扫描到的RequestMapping:[RequestMapping{mappingId=e335f247767c23b43167e83e45b23585, mappingCode=get:test:test33, requestMethod=GET, serviceId=test-service, className=com.ysmjjsy.goya.test.service.controller.TestController, methodName=test33, url=/test/test33, description=test33}, RequestMapping{mappingId=f0edb1730b8722974b706f47e45dede9, mappingCode=get:test:test1, requestMethod=GET, serviceId=test-service, className=com.ysmjjsy.goya.test.service.controller.TestController, methodName=test1, url=/test/test1, description=test1}, RequestMapping{mappingId=07bc2238bc17812b34f96f56d538fe37, mappingCode=get:test:test2, requestMethod=GET, serviceId=test-service, className=com.ysmjjsy.goya.test.service.controller.TestController, methodName=test2, url=/test/test2, description=test2}, RequestMapping{mappingId=8263cfc39ce7bea5b3e5ce42f700132e, mappingCode=get:test:test22, requestMethod=GET, serviceId=test-service, className=com.ysmjjsy.goya.test.service.controller.TestController, methodName=test22, url=/test/test22, description=test22}, RequestMapping{mappingId=c0d0e3b30fd325488b42a21a674c337f, mappingCode=get:test:test21, requestMethod=GET, serviceId=test-service, className=com.ysmjjsy.goya.test.service.controller.TestController, methodName=test21, url=/test/test21, description=test21}, RequestMapping{mappingId=e12fb8e3e4e8eb7595cf5d9a00a19ec3, mappingCode=get:test:test, requestMethod=GET, serviceId=test-service, className=com.ysmjjsy.goya.test.service.controller.TestController, methodName=test, url=/test/test, description=test}]
2025-06-17 10:38:02 [main] INFO  c.y.g.c.w.s.AbstractRequestMappingScanner - [Goya] |- Request Mapping Scan for Service: [test-service] FINISHED!
2025-06-17 10:38:16 [SpringApplicationShutdownHook] INFO  o.s.b.w.e.undertow.UndertowWebServer - Commencing graceful shutdown. Waiting for active requests to complete
2025-06-17 10:38:16 [SpringApplicationShutdownHook] INFO  o.s.b.w.e.undertow.UndertowWebServer - Graceful shutdown complete
2025-06-17 10:38:16 [SpringApplicationShutdownHook] INFO  io.undertow - stopping server: Undertow - 2.3.18.Final
2025-06-17 10:38:16 [SpringApplicationShutdownHook] INFO  o.s.o.j.LocalContainerEntityManagerFactoryBean - Closing JPA EntityManagerFactory for persistence unit 'default'
2025-06-17 10:38:16 [SpringApplicationShutdownHook] INFO  c.a.j.support.DefaultMetricsManager - cache stat canceled
2025-06-17 10:38:16 [SpringApplicationShutdownHook] INFO  com.zaxxer.hikari.HikariDataSource - Hikari - Shutdown initiated...
2025-06-17 10:38:16 [SpringApplicationShutdownHook] INFO  com.zaxxer.hikari.HikariDataSource - Hikari - Shutdown completed.
2025-06-17 11:45:36 [background-preinit] INFO  o.h.validator.internal.util.Version - HV000001: Hibernate Validator 8.0.2.Final
2025-06-17 11:45:37 [main] INFO  o.s.d.r.c.RepositoryConfigurationDelegate - Multiple Spring Data modules found, entering strict repository configuration mode
2025-06-17 11:45:37 [main] INFO  o.s.d.r.c.RepositoryConfigurationDelegate - Bootstrapping Spring Data JPA repositories in DEFAULT mode.
2025-06-17 11:45:37 [main] INFO  o.s.d.r.c.RepositoryConfigurationDelegate - Finished Spring Data repository scanning in 106 ms. Found 1 JPA repository interface.
2025-06-17 11:45:37 [main] INFO  io.undertow.servlet - Initializing Spring embedded WebApplicationContext
2025-06-17 11:45:37 [main] INFO  o.s.b.w.s.c.ServletWebServerApplicationContext - Root WebApplicationContext: initialization completed in 1025 ms
2025-06-17 11:45:38 [main] INFO  o.h.jpa.internal.util.LogHelper - HHH000204: Processing PersistenceUnitInfo [name: default]
2025-06-17 11:45:38 [main] INFO  org.hibernate.Version - HHH000412: Hibernate ORM core version 6.6.15.Final
2025-06-17 11:45:38 [main] INFO  o.h.c.i.RegionFactoryInitiator - HHH000025: Second-level cache region factory [com.ysmjjsy.goya.component.db.cache.GoyaRegionFactory]
2025-06-17 11:45:38 [main] INFO  o.h.e.b.internal.EnversServiceImpl - Envers integration enabled? : true
2025-06-17 11:45:38 [main] INFO  o.s.o.j.p.SpringPersistenceUnitInfo - No LoadTimeWeaver setup: ignoring JPA class transformer
2025-06-17 11:45:38 [main] INFO  com.zaxxer.hikari.HikariDataSource - Hikari - Starting...
2025-06-17 11:45:38 [main] INFO  com.zaxxer.hikari.pool.HikariPool - Hikari - Added connection com.p6spy.engine.wrapper.ConnectionWrapper@2c5b4b91
2025-06-17 11:45:38 [main] INFO  com.zaxxer.hikari.HikariDataSource - Hikari - Start completed.
2025-06-17 11:45:38 [main] INFO  o.hibernate.orm.connections.pooling - HHH10001005: Database info:
	Database JDBC URL [Connecting through datasource 'HikariDataSource (Hikari)']
	Database driver: undefined/unknown
	Database version: 9.2
	Autocommit mode: undefined/unknown
	Isolation level: undefined/unknown
	Minimum pool size: undefined/unknown
	Maximum pool size: undefined/unknown
2025-06-17 11:45:38 [main] INFO  c.a.j.a.AbstractCacheAutoInit - init cache area default , type= caffeine
2025-06-17 11:45:38 [main] INFO  c.a.j.a.AbstractCacheAutoInit - init cache area default , type= redis.lettuce
2025-06-17 11:45:39 [main] INFO  c.a.j.support.DefaultMetricsManager - cache stat period at 15 MINUTES
2025-06-17 11:45:39 [main] INFO  o.h.e.t.j.p.i.JtaPlatformInitiator - HHH000489: No JTA platform available (set 'hibernate.transaction.jta.platform' to enable JTA platform integration)
2025-06-17 11:45:40 [main] INFO  o.s.o.j.LocalContainerEntityManagerFactoryBean - Initialized JPA EntityManagerFactory for persistence unit 'default'
2025-06-17 11:45:40 [main] INFO  io.undertow - starting server: Undertow - 2.3.18.Final
2025-06-17 11:45:40 [main] INFO  org.xnio - XNIO version 3.8.16.Final
2025-06-17 11:45:40 [main] INFO  org.xnio.nio - XNIO NIO Implementation Version 3.8.16.Final
2025-06-17 11:45:40 [main] INFO  org.jboss.threads - JBoss Threads version 3.5.0.Final
2025-06-17 11:45:40 [main] INFO  o.s.b.w.e.undertow.UndertowWebServer - Undertow started on port 8082 (http) with context path '/'
2025-06-17 11:45:40 [main] INFO  c.y.g.c.w.s.DefaultRequestMappingScanEventManager - 扫描到的RequestMapping:[RequestMapping{mappingId=f0edb1730b8722974b706f47e45dede9, mappingCode=get:test:test1, requestMethod=GET, serviceId=test-service, className=com.ysmjjsy.goya.test.service.controller.TestController, methodName=test1, url=/test/test1, description=test1}, RequestMapping{mappingId=e335f247767c23b43167e83e45b23585, mappingCode=get:test:test33, requestMethod=GET, serviceId=test-service, className=com.ysmjjsy.goya.test.service.controller.TestController, methodName=test33, url=/test/test33, description=test33}, RequestMapping{mappingId=e12fb8e3e4e8eb7595cf5d9a00a19ec3, mappingCode=get:test:test, requestMethod=GET, serviceId=test-service, className=com.ysmjjsy.goya.test.service.controller.TestController, methodName=test, url=/test/test, description=test}, RequestMapping{mappingId=c0d0e3b30fd325488b42a21a674c337f, mappingCode=get:test:test21, requestMethod=GET, serviceId=test-service, className=com.ysmjjsy.goya.test.service.controller.TestController, methodName=test21, url=/test/test21, description=test21}, RequestMapping{mappingId=8263cfc39ce7bea5b3e5ce42f700132e, mappingCode=get:test:test22, requestMethod=GET, serviceId=test-service, className=com.ysmjjsy.goya.test.service.controller.TestController, methodName=test22, url=/test/test22, description=test22}, RequestMapping{mappingId=07bc2238bc17812b34f96f56d538fe37, mappingCode=get:test:test2, requestMethod=GET, serviceId=test-service, className=com.ysmjjsy.goya.test.service.controller.TestController, methodName=test2, url=/test/test2, description=test2}]
2025-06-17 11:45:41 [main] INFO  c.y.g.c.w.s.AbstractRequestMappingScanner - [Goya] |- Request Mapping Scan for Service: [test-service] FINISHED!
2025-06-17 11:45:45 [SpringApplicationShutdownHook] INFO  o.s.b.w.e.undertow.UndertowWebServer - Commencing graceful shutdown. Waiting for active requests to complete
2025-06-17 11:45:45 [SpringApplicationShutdownHook] INFO  o.s.b.w.e.undertow.UndertowWebServer - Graceful shutdown complete
2025-06-17 11:45:45 [SpringApplicationShutdownHook] INFO  io.undertow - stopping server: Undertow - 2.3.18.Final
2025-06-17 11:45:45 [SpringApplicationShutdownHook] INFO  o.s.o.j.LocalContainerEntityManagerFactoryBean - Closing JPA EntityManagerFactory for persistence unit 'default'
2025-06-17 11:45:45 [SpringApplicationShutdownHook] INFO  c.a.j.support.DefaultMetricsManager - cache stat canceled
2025-06-17 11:45:45 [SpringApplicationShutdownHook] INFO  com.zaxxer.hikari.HikariDataSource - Hikari - Shutdown initiated...
2025-06-17 11:45:45 [SpringApplicationShutdownHook] INFO  com.zaxxer.hikari.HikariDataSource - Hikari - Shutdown completed.
